# JRE version: Java(TM) SE Runtime Environment (8.0_361) (build 1.8.0_361-b09)
# Java VM: Java HotSpot(TM) 64-Bit Server VM (25.361-b09 mixed mode bsd-amd64 compressed oops)
Heap:
 PSYoungGen      total 371200K, used 215563K [0x0000000795580000, 0x00000007b4b80000, 0x00000007c0000000)
  eden space 317440K, 51% used [0x0000000795580000,0x000000079f3eaf10,0x00000007a8b80000)
  from space 53760K, 99% used [0x00000007b1700000,0x00000007b4b18000,0x00000007b4b80000)
  to   space 68608K, 0% used [0x00000007ac580000,0x00000007ac580000,0x00000007b0880000)
 ParOldGen       total 256512K, used 143034K [0x0000000740000000, 0x000000074fa80000, 0x0000000795580000)
  object space 256512K, 55% used [0x0000000740000000,0x0000000748baea30,0x000000074fa80000)
 Metaspace       used 17854K, capacity 18568K, committed 18688K, reserved 1064960K
  class space    used 2248K, capacity 2440K, committed 2560K, reserved 1048576K
GC Heap History (10 events):
Event: 9.582 GC heap before
{Heap before GC invocations=6 (full 1):
 PSYoungGen      total 138240K, used 5088K [0x0000000795580000, 0x00000007a9d80000, 0x00000007c0000000)
  eden space 133120K, 0% used [0x0000000795580000,0x0000000795580000,0x000000079d780000)
  from space 5120K, 99% used [0x000000079d780000,0x000000079dc781c0,0x000000079dc80000)
  to   space 34816K, 0% used [0x00000007a7b80000,0x00000007a7b80000,0x00000007a9d80000)
 ParOldGen       total 87552K, used 68522K [0x0000000740000000, 0x0000000745580000, 0x0000000795580000)
  object space 87552K, 78% used [0x0000000740000000,0x00000007442ea980,0x0000000745580000)
 Metaspace       used 17851K, capacity 18568K, committed 18688K, reserved 1064960K
  class space    used 2246K, capacity 2440K, committed 2560K, reserved 1048576K
Event: 9.749 GC heap after
Heap after GC invocations=6 (full 1):
 PSYoungGen      total 138240K, used 0K [0x0000000795580000, 0x00000007a9d80000, 0x00000007c0000000)
  eden space 133120K, 0% used [0x0000000795580000,0x0000000795580000,0x000000079d780000)
  from space 5120K, 0% used [0x000000079d780000,0x000000079d780000,0x000000079dc80000)
  to   space 34816K, 0% used [0x00000007a7b80000,0x00000007a7b80000,0x00000007a9d80000)
 ParOldGen       total 143360K, used 70872K [0x0000000740000000, 0x0000000748c00000, 0x0000000795580000)
  object space 143360K, 49% used [0x0000000740000000,0x0000000744536248,0x0000000748c00000)
 Metaspace       used 17851K, capacity 18568K, committed 18688K, reserved 1064960K
  class space    used 2246K, capacity 2440K, committed 2560K, reserved 1048576K
}
Event: 10.242 GC heap before
{Heap before GC invocations=7 (full 1):
 PSYoungGen      total 138240K, used 133120K [0x0000000795580000, 0x00000007a9d80000, 0x00000007c0000000)
  eden space 133120K, 100% used [0x0000000795580000,0x000000079d780000,0x000000079d780000)
  from space 5120K, 0% used [0x000000079d780000,0x000000079d780000,0x000000079dc80000)
  to   space 34816K, 0% used [0x00000007a7b80000,0x00000007a7b80000,0x00000007a9d80000)
 ParOldGen       total 143360K, used 70872K [0x0000000740000000, 0x0000000748c00000, 0x0000000795580000)
  object space 143360K, 49% used [0x0000000740000000,0x0000000744536248,0x0000000748c00000)
 Metaspace       used 17853K, capacity 18568K, committed 18688K, reserved 1064960K
  class space    used 2247K, capacity 2440K, committed 2560K, reserved 1048576K
Event: 10.263 GC heap after
Heap after GC invocations=7 (full 1):
 PSYoungGen      total 254464K, used 26752K [0x0000000795580000, 0x00000007a9600000, 0x00000007c0000000)
  eden space 227328K, 0% used [0x0000000795580000,0x0000000795580000,0x00000007a3380000)
  from space 27136K, 98% used [0x00000007a7b80000,0x00000007a95a0000,0x00000007a9600000)
  to   space 36864K, 0% used [0x00000007a4e00000,0x00000007a4e00000,0x00000007a7200000)
 ParOldGen       total 143360K, used 70872K [0x0000000740000000, 0x0000000748c00000, 0x0000000795580000)
  object space 143360K, 49% used [0x0000000740000000,0x0000000744536248,0x0000000748c00000)
 Metaspace       used 17853K, capacity 18568K, committed 18688K, reserved 1064960K
  class space    used 2247K, capacity 2440K, committed 2560K, reserved 1048576K
}
Event: 10.853 GC heap before
{Heap before GC invocations=8 (full 1):
 PSYoungGen      total 254464K, used 254080K [0x0000000795580000, 0x00000007a9600000, 0x00000007c0000000)
  eden space 227328K, 100% used [0x0000000795580000,0x00000007a3380000,0x00000007a3380000)
  from space 27136K, 98% used [0x00000007a7b80000,0x00000007a95a0000,0x00000007a9600000)
  to   space 36864K, 0% used [0x00000007a4e00000,0x00000007a4e00000,0x00000007a7200000)
 ParOldGen       total 143360K, used 70872K [0x0000000740000000, 0x0000000748c00000, 0x0000000795580000)
  object space 143360K, 49% used [0x0000000740000000,0x0000000744536248,0x0000000748c00000)
 Metaspace       used 17854K, capacity 18568K, committed 18688K, reserved 1064960K
  class space    used 2248K, capacity 2440K, committed 2560K, reserved 1048576K
Event: 10.909 GC heap after
Heap after GC invocations=8 (full 1):
 PSYoungGen      total 291328K, used 36864K [0x0000000795580000, 0x00000007b5300000, 0x00000007c0000000)
  eden space 254464K, 0% used [0x0000000795580000,0x0000000795580000,0x00000007a4e00000)
  from space 36864K, 100% used [0x00000007a4e00000,0x00000007a7200000,0x00000007a7200000)
  to   space 61440K, 0% used [0x00000007b1700000,0x00000007b1700000,0x00000007b5300000)
 ParOldGen       total 143360K, used 107640K [0x0000000740000000, 0x0000000748c00000, 0x0000000795580000)
  object space 143360K, 75% used [0x0000000740000000,0x000000074691e248,0x0000000748c00000)
 Metaspace       used 17854K, capacity 18568K, committed 18688K, reserved 1064960K
  class space    used 2248K, capacity 2440K, committed 2560K, reserved 1048576K
}
Event: 10.909 GC heap before
{Heap before GC invocations=9 (full 2):
 PSYoungGen      total 291328K, used 36864K [0x0000000795580000, 0x00000007b5300000, 0x00000007c0000000)
  eden space 254464K, 0% used [0x0000000795580000,0x0000000795580000,0x00000007a4e00000)
  from space 36864K, 100% used [0x00000007a4e00000,0x00000007a7200000,0x00000007a7200000)
  to   space 61440K, 0% used [0x00000007b1700000,0x00000007b1700000,0x00000007b5300000)
 ParOldGen       total 143360K, used 107640K [0x0000000740000000, 0x0000000748c00000, 0x0000000795580000)
  object space 143360K, 75% used [0x0000000740000000,0x000000074691e248,0x0000000748c00000)
 Metaspace       used 17854K, capacity 18568K, committed 18688K, reserved 1064960K
  class space    used 2248K, capacity 2440K, committed 2560K, reserved 1048576K
Event: 11.433 GC heap after
Heap after GC invocations=9 (full 2):
 PSYoungGen      total 291328K, used 510K [0x0000000795580000, 0x00000007b5300000, 0x00000007c0000000)
  eden space 254464K, 0% used [0x0000000795580000,0x0000000795580000,0x00000007a4e00000)
  from space 36864K, 1% used [0x00000007a4e00000,0x00000007a4e7fad0,0x00000007a7200000)
  to   space 61440K, 0% used [0x00000007b1700000,0x00000007b1700000,0x00000007b5300000)
 ParOldGen       total 256512K, used 143034K [0x0000000740000000, 0x000000074fa80000, 0x0000000795580000)
  object space 256512K, 55% used [0x0000000740000000,0x0000000748baea30,0x000000074fa80000)
 Metaspace       used 17854K, capacity 18568K, committed 18688K, reserved 1064960K
  class space    used 2248K, capacity 2440K, committed 2560K, reserved 1048576K
}
Event: 12.068 GC heap before
{Heap before GC invocations=10 (full 2):
 PSYoungGen      total 291328K, used 254974K [0x0000000795580000, 0x00000007b5300000, 0x00000007c0000000)
  eden space 254464K, 100% used [0x0000000795580000,0x00000007a4e00000,0x00000007a4e00000)
  from space 36864K, 1% used [0x00000007a4e00000,0x00000007a4e7fad0,0x00000007a7200000)
  to   space 61440K, 0% used [0x00000007b1700000,0x00000007b1700000,0x00000007b5300000)
 ParOldGen       total 256512K, used 143034K [0x0000000740000000, 0x000000074fa80000, 0x0000000795580000)
  object space 256512K, 55% used [0x0000000740000000,0x0000000748baea30,0x000000074fa80000)
 Metaspace       used 17854K, capacity 18568K, committed 18688K, reserved 1064960K
  class space    used 2248K, capacity 2440K, committed 2560K, reserved 1048576K
Event: 12.139 GC heap after
Heap after GC invocations=10 (full 2):
 PSYoungGen      total 371200K, used 53344K [0x0000000795580000, 0x00000007b4b80000, 0x00000007c0000000)
  eden space 317440K, 0% used [0x0000000795580000,0x0000000795580000,0x00000007a8b80000)
  from space 53760K, 99% used [0x00000007b1700000,0x00000007b4b18000,0x00000007b4b80000)
  to   space 68608K, 0% used [0x00000007ac580000,0x00000007ac580000,0x00000007b0880000)
 ParOldGen       total 256512K, used 143034K [0x0000000740000000, 0x000000074fa80000, 0x0000000795580000)
  object space 256512K, 55% used [0x0000000740000000,0x0000000748baea30,0x000000074fa80000)
 Metaspace       used 17854K, capacity 18568K, committed 18688K, reserved 1064960K
  class space    used 2248K, capacity 2440K, committed 2560K, reserved 1048576K
}

