# JRE version: Java(TM) SE Runtime Environment (8.0_361) (build 1.8.0_361-b09)
# Java VM: Java HotSpot(TM) 64-Bit Server VM (25.361-b09 mixed mode bsd-amd64 compressed oops)
Heap:
 PSYoungGen      total 157184K, used 55544K [0x0000000795580000, 0x00000007acb00000, 0x00000007c0000000)
  eden space 95232K, 55% used [0x0000000795580000,0x0000000798946608,0x000000079b280000)
  from space 61952K, 4% used [0x000000079b280000,0x000000079b4f7c20,0x000000079ef00000)
  to   space 108032K, 0% used [0x00000007a6180000,0x00000007a6180000,0x00000007acb00000)
 ParOldGen       total 302592K, used 160966K [0x0000000740000000, 0x0000000752780000, 0x0000000795580000)
  object space 302592K, 53% used [0x0000000740000000,0x0000000749d31b60,0x0000000752780000)
 Metaspace       used 25343K, capacity 26284K, committed 26368K, reserved 1073152K
  class space    used 3271K, capacity 3502K, committed 3584K, reserved 1048576K
GC Heap History (10 events):
Event: 7.258 GC heap before
{Heap before GC invocations=6 (full 1):
 PSYoungGen      total 65024K, used 64996K [0x0000000795580000, 0x000000079a080000, 0x00000007c0000000)
  eden space 59904K, 100% used [0x0000000795580000,0x0000000799000000,0x0000000799000000)
  from space 5120K, 99% used [0x0000000799b80000,0x000000079a079118,0x000000079a080000)
  to   space 5120K, 0% used [0x0000000799680000,0x0000000799680000,0x0000000799b80000)
 ParOldGen       total 70144K, used 26021K [0x0000000740000000, 0x0000000744480000, 0x0000000795580000)
  object space 70144K, 37% used [0x0000000740000000,0x0000000741969418,0x0000000744480000)
 Metaspace       used 25332K, capacity 26284K, committed 26368K, reserved 1073152K
  class space    used 3270K, capacity 3502K, committed 3584K, reserved 1048576K
Event: 7.290 GC heap after
Heap after GC invocations=6 (full 1):
 PSYoungGen      total 71680K, used 5108K [0x0000000795580000, 0x00000007a1c80000, 0x00000007c0000000)
  eden space 66560K, 0% used [0x0000000795580000,0x0000000795580000,0x0000000799680000)
  from space 5120K, 99% used [0x0000000799680000,0x0000000799b7d140,0x0000000799b80000)
  to   space 46592K, 0% used [0x000000079ef00000,0x000000079ef00000,0x00000007a1c80000)
 ParOldGen       total 74752K, used 74596K [0x0000000740000000, 0x0000000744900000, 0x0000000795580000)
  object space 74752K, 99% used [0x0000000740000000,0x00000007448d90d8,0x0000000744900000)
 Metaspace       used 25332K, capacity 26284K, committed 26368K, reserved 1073152K
  class space    used 3270K, capacity 3502K, committed 3584K, reserved 1048576K
}
Event: 7.290 GC heap before
{Heap before GC invocations=7 (full 2):
 PSYoungGen      total 71680K, used 5108K [0x0000000795580000, 0x00000007a1c80000, 0x00000007c0000000)
  eden space 66560K, 0% used [0x0000000795580000,0x0000000795580000,0x0000000799680000)
  from space 5120K, 99% used [0x0000000799680000,0x0000000799b7d140,0x0000000799b80000)
  to   space 46592K, 0% used [0x000000079ef00000,0x000000079ef00000,0x00000007a1c80000)
 ParOldGen       total 74752K, used 74596K [0x0000000740000000, 0x0000000744900000, 0x0000000795580000)
  object space 74752K, 99% used [0x0000000740000000,0x00000007448d90d8,0x0000000744900000)
 Metaspace       used 25332K, capacity 26284K, committed 26368K, reserved 1073152K
  class space    used 3270K, capacity 3502K, committed 3584K, reserved 1048576K
Event: 7.360 GC heap after
Heap after GC invocations=7 (full 2):
 PSYoungGen      total 71680K, used 0K [0x0000000795580000, 0x00000007a1c80000, 0x00000007c0000000)
  eden space 66560K, 0% used [0x0000000795580000,0x0000000795580000,0x0000000799680000)
  from space 5120K, 0% used [0x0000000799680000,0x0000000799680000,0x0000000799b80000)
  to   space 46592K, 0% used [0x000000079ef00000,0x000000079ef00000,0x00000007a1c80000)
 ParOldGen       total 161280K, used 60622K [0x0000000740000000, 0x0000000749d80000, 0x0000000795580000)
  object space 161280K, 37% used [0x0000000740000000,0x0000000743b33998,0x0000000749d80000)
 Metaspace       used 25332K, capacity 26284K, committed 26368K, reserved 1073152K
  class space    used 3270K, capacity 3502K, committed 3584K, reserved 1048576K
}
Event: 7.638 GC heap before
{Heap before GC invocations=8 (full 2):
 PSYoungGen      total 71680K, used 66560K [0x0000000795580000, 0x00000007a1c80000, 0x00000007c0000000)
  eden space 66560K, 100% used [0x0000000795580000,0x0000000799680000,0x0000000799680000)
  from space 5120K, 0% used [0x0000000799680000,0x0000000799680000,0x0000000799b80000)
  to   space 46592K, 0% used [0x000000079ef00000,0x000000079ef00000,0x00000007a1c80000)
 ParOldGen       total 161280K, used 60622K [0x0000000740000000, 0x0000000749d80000, 0x0000000795580000)
  object space 161280K, 37% used [0x0000000740000000,0x0000000743b33998,0x0000000749d80000)
 Metaspace       used 25343K, capacity 26284K, committed 26368K, reserved 1073152K
  class space    used 3270K, capacity 3502K, committed 3584K, reserved 1048576K
Event: 7.665 GC heap after
Heap after GC invocations=8 (full 2):
 PSYoungGen      total 141824K, used 46590K [0x0000000795580000, 0x00000007a3680000, 0x00000007c0000000)
  eden space 95232K, 0% used [0x0000000795580000,0x0000000795580000,0x000000079b280000)
  from space 46592K, 99% used [0x000000079ef00000,0x00000007a1c7f930,0x00000007a1c80000)
  to   space 61952K, 0% used [0x000000079b280000,0x000000079b280000,0x000000079ef00000)
 ParOldGen       total 161280K, used 68486K [0x0000000740000000, 0x0000000749d80000, 0x0000000795580000)
  object space 161280K, 42% used [0x0000000740000000,0x00000007442e18b8,0x0000000749d80000)
 Metaspace       used 25343K, capacity 26284K, committed 26368K, reserved 1073152K
  class space    used 3270K, capacity 3502K, committed 3584K, reserved 1048576K
}
Event: 7.982 GC heap before
{Heap before GC invocations=9 (full 2):
 PSYoungGen      total 141824K, used 141822K [0x0000000795580000, 0x00000007a3680000, 0x00000007c0000000)
  eden space 95232K, 100% used [0x0000000795580000,0x000000079b280000,0x000000079b280000)
  from space 46592K, 99% used [0x000000079ef00000,0x00000007a1c7f930,0x00000007a1c80000)
  to   space 61952K, 0% used [0x000000079b280000,0x000000079b280000,0x000000079ef00000)
 ParOldGen       total 161280K, used 68486K [0x0000000740000000, 0x0000000749d80000, 0x0000000795580000)
  object space 161280K, 42% used [0x0000000740000000,0x00000007442e18b8,0x0000000749d80000)
 Metaspace       used 25343K, capacity 26284K, committed 26368K, reserved 1073152K
  class space    used 3271K, capacity 3502K, committed 3584K, reserved 1048576K
Event: 8.046 GC heap after
Heap after GC invocations=9 (full 2):
 PSYoungGen      total 157184K, used 61938K [0x0000000795580000, 0x00000007acb00000, 0x00000007c0000000)
  eden space 95232K, 0% used [0x0000000795580000,0x0000000795580000,0x000000079b280000)
  from space 61952K, 99% used [0x000000079b280000,0x000000079eefcac0,0x000000079ef00000)
  to   space 108032K, 0% used [0x00000007a6180000,0x00000007a6180000,0x00000007acb00000)
 ParOldGen       total 161280K, used 133566K [0x0000000740000000, 0x0000000749d80000, 0x0000000795580000)
  object space 161280K, 82% used [0x0000000740000000,0x000000074826fac8,0x0000000749d80000)
 Metaspace       used 25343K, capacity 26284K, committed 26368K, reserved 1073152K
  class space    used 3271K, capacity 3502K, committed 3584K, reserved 1048576K
}
Event: 8.046 GC heap before
{Heap before GC invocations=10 (full 3):
 PSYoungGen      total 157184K, used 61938K [0x0000000795580000, 0x00000007acb00000, 0x00000007c0000000)
  eden space 95232K, 0% used [0x0000000795580000,0x0000000795580000,0x000000079b280000)
  from space 61952K, 99% used [0x000000079b280000,0x000000079eefcac0,0x000000079ef00000)
  to   space 108032K, 0% used [0x00000007a6180000,0x00000007a6180000,0x00000007acb00000)
 ParOldGen       total 161280K, used 133566K [0x0000000740000000, 0x0000000749d80000, 0x0000000795580000)
  object space 161280K, 82% used [0x0000000740000000,0x000000074826fac8,0x0000000749d80000)
 Metaspace       used 25343K, capacity 26284K, committed 26368K, reserved 1073152K
  class space    used 3271K, capacity 3502K, committed 3584K, reserved 1048576K
Event: 8.266 GC heap after
Heap after GC invocations=10 (full 3):
 PSYoungGen      total 157184K, used 2527K [0x0000000795580000, 0x00000007acb00000, 0x00000007c0000000)
  eden space 95232K, 0% used [0x0000000795580000,0x0000000795580000,0x000000079b280000)
  from space 61952K, 4% used [0x000000079b280000,0x000000079b4f7c20,0x000000079ef00000)
  to   space 108032K, 0% used [0x00000007a6180000,0x00000007a6180000,0x00000007acb00000)
 ParOldGen       total 302592K, used 160966K [0x0000000740000000, 0x0000000752780000, 0x0000000795580000)
  object space 302592K, 53% used [0x0000000740000000,0x0000000749d31b60,0x0000000752780000)
 Metaspace       used 25343K, capacity 26284K, committed 26368K, reserved 1073152K
  class space    used 3271K, capacity 3502K, committed 3584K, reserved 1048576K
}

