# JRE version: Java(TM) SE Runtime Environment (8.0_361) (build 1.8.0_361-b09)
# Java VM: Java HotSpot(TM) 64-Bit Server VM (25.361-b09 mixed mode bsd-amd64 compressed oops)
Heap:
 PSYoungGen      total 138240K, used 118943K [0x0000000795580000, 0x00000007ad380000, 0x00000007c0000000)
  eden space 133120K, 89% used [0x0000000795580000,0x000000079c9a7e60,0x000000079d780000)
  from space 5120K, 0% used [0x000000079d780000,0x000000079d780000,0x000000079dc80000)
  to   space 97792K, 0% used [0x00000007a7400000,0x00000007a7400000,0x00000007ad380000)
 ParOldGen       total 299520K, used 121506K [0x0000000740000000, 0x0000000752480000, 0x0000000795580000)
  object space 299520K, 40% used [0x0000000740000000,0x00000007476a89f8,0x0000000752480000)
 Metaspace       used 25367K, capacity 26360K, committed 26624K, reserved 1073152K
  class space    used 3271K, capacity 3502K, committed 3584K, reserved 1048576K
GC Heap History (10 events):
Event: 5.171 GC heap before
{Heap before GC invocations=4 (full 1):
 PSYoungGen      total 71680K, used 5104K [0x0000000795580000, 0x000000079e180000, 0x00000007c0000000)
  eden space 66560K, 0% used [0x0000000795580000,0x0000000795580000,0x0000000799680000)
  from space 5120K, 99% used [0x0000000799680000,0x0000000799b7c070,0x0000000799b80000)
  to   space 5120K, 0% used [0x000000079dc80000,0x000000079dc80000,0x000000079e180000)
 ParOldGen       total 87552K, used 15389K [0x0000000740000000, 0x0000000745580000, 0x0000000795580000)
  object space 87552K, 17% used [0x0000000740000000,0x0000000740f074a8,0x0000000745580000)
 Metaspace       used 20481K, capacity 21180K, committed 21296K, reserved 1067008K
  class space    used 2639K, capacity 2854K, committed 2944K, reserved 1048576K
Event: 5.193 GC heap after
Heap after GC invocations=4 (full 1):
 PSYoungGen      total 71680K, used 0K [0x0000000795580000, 0x000000079e180000, 0x00000007c0000000)
  eden space 66560K, 0% used [0x0000000795580000,0x0000000795580000,0x0000000799680000)
  from space 5120K, 0% used [0x0000000799680000,0x0000000799680000,0x0000000799b80000)
  to   space 5120K, 0% used [0x000000079dc80000,0x000000079dc80000,0x000000079e180000)
 ParOldGen       total 69632K, used 17507K [0x0000000740000000, 0x0000000744400000, 0x0000000795580000)
  object space 69632K, 25% used [0x0000000740000000,0x0000000741118e98,0x0000000744400000)
 Metaspace       used 20481K, capacity 21180K, committed 21296K, reserved 1067008K
  class space    used 2639K, capacity 2854K, committed 2944K, reserved 1048576K
}
Event: 6.486 GC heap before
{Heap before GC invocations=5 (full 1):
 PSYoungGen      total 71680K, used 66560K [0x0000000795580000, 0x000000079e180000, 0x00000007c0000000)
  eden space 66560K, 100% used [0x0000000795580000,0x0000000799680000,0x0000000799680000)
  from space 5120K, 0% used [0x0000000799680000,0x0000000799680000,0x0000000799b80000)
  to   space 5120K, 0% used [0x000000079dc80000,0x000000079dc80000,0x000000079e180000)
 ParOldGen       total 69632K, used 17507K [0x0000000740000000, 0x0000000744400000, 0x0000000795580000)
  object space 69632K, 25% used [0x0000000740000000,0x0000000741118e98,0x0000000744400000)
 Metaspace       used 25245K, capacity 26168K, committed 26368K, reserved 1073152K
  class space    used 3270K, capacity 3502K, committed 3584K, reserved 1048576K
Event: 6.504 GC heap after
Heap after GC invocations=5 (full 1):
 PSYoungGen      total 126976K, used 5108K [0x0000000795580000, 0x000000079e180000, 0x00000007c0000000)
  eden space 121856K, 0% used [0x0000000795580000,0x0000000795580000,0x000000079cc80000)
  from space 5120K, 99% used [0x000000079dc80000,0x000000079e17d120,0x000000079e180000)
  to   space 5120K, 0% used [0x000000079d780000,0x000000079d780000,0x000000079dc80000)
 ParOldGen       total 69632K, used 48939K [0x0000000740000000, 0x0000000744400000, 0x0000000795580000)
  object space 69632K, 70% used [0x0000000740000000,0x0000000742fcad68,0x0000000744400000)
 Metaspace       used 25245K, capacity 26168K, committed 26368K, reserved 1073152K
  class space    used 3270K, capacity 3502K, committed 3584K, reserved 1048576K
}
Event: 6.504 GC heap before
{Heap before GC invocations=6 (full 2):
 PSYoungGen      total 126976K, used 5108K [0x0000000795580000, 0x000000079e180000, 0x00000007c0000000)
  eden space 121856K, 0% used [0x0000000795580000,0x0000000795580000,0x000000079cc80000)
  from space 5120K, 99% used [0x000000079dc80000,0x000000079e17d120,0x000000079e180000)
  to   space 5120K, 0% used [0x000000079d780000,0x000000079d780000,0x000000079dc80000)
 ParOldGen       total 69632K, used 48939K [0x0000000740000000, 0x0000000744400000, 0x0000000795580000)
  object space 69632K, 70% used [0x0000000740000000,0x0000000742fcad68,0x0000000744400000)
 Metaspace       used 25245K, capacity 26168K, committed 26368K, reserved 1073152K
  class space    used 3270K, capacity 3502K, committed 3584K, reserved 1048576K
Event: 6.563 GC heap after
Heap after GC invocations=6 (full 2):
 PSYoungGen      total 126976K, used 0K [0x0000000795580000, 0x000000079e180000, 0x00000007c0000000)
  eden space 121856K, 0% used [0x0000000795580000,0x0000000795580000,0x000000079cc80000)
  from space 5120K, 0% used [0x000000079dc80000,0x000000079dc80000,0x000000079e180000)
  to   space 5120K, 0% used [0x000000079d780000,0x000000079d780000,0x000000079dc80000)
 ParOldGen       total 138752K, used 46370K [0x0000000740000000, 0x0000000748780000, 0x0000000795580000)
  object space 138752K, 33% used [0x0000000740000000,0x0000000742d48ab0,0x0000000748780000)
 Metaspace       used 25245K, capacity 26168K, committed 26368K, reserved 1073152K
  class space    used 3270K, capacity 3502K, committed 3584K, reserved 1048576K
}
Event: 7.141 GC heap before
{Heap before GC invocations=7 (full 2):
 PSYoungGen      total 126976K, used 121856K [0x0000000795580000, 0x000000079e180000, 0x00000007c0000000)
  eden space 121856K, 100% used [0x0000000795580000,0x000000079cc80000,0x000000079cc80000)
  from space 5120K, 0% used [0x000000079dc80000,0x000000079dc80000,0x000000079e180000)
  to   space 5120K, 0% used [0x000000079d780000,0x000000079d780000,0x000000079dc80000)
 ParOldGen       total 138752K, used 46370K [0x0000000740000000, 0x0000000748780000, 0x0000000795580000)
  object space 138752K, 33% used [0x0000000740000000,0x0000000742d48ab0,0x0000000748780000)
 Metaspace       used 25367K, capacity 26360K, committed 26624K, reserved 1073152K
  class space    used 3271K, capacity 3502K, committed 3584K, reserved 1048576K
Event: 7.197 GC heap after
Heap after GC invocations=7 (full 2):
 PSYoungGen      total 138240K, used 5105K [0x0000000795580000, 0x00000007ad380000, 0x00000007c0000000)
  eden space 133120K, 0% used [0x0000000795580000,0x0000000795580000,0x000000079d780000)
  from space 5120K, 99% used [0x000000079d780000,0x000000079dc7c6b0,0x000000079dc80000)
  to   space 97792K, 0% used [0x00000007a7400000,0x00000007a7400000,0x00000007ad380000)
 ParOldGen       total 153600K, used 152658K [0x0000000740000000, 0x0000000749600000, 0x0000000795580000)
  object space 153600K, 99% used [0x0000000740000000,0x0000000749514a20,0x0000000749600000)
 Metaspace       used 25367K, capacity 26360K, committed 26624K, reserved 1073152K
  class space    used 3271K, capacity 3502K, committed 3584K, reserved 1048576K
}
Event: 7.197 GC heap before
{Heap before GC invocations=8 (full 3):
 PSYoungGen      total 138240K, used 5105K [0x0000000795580000, 0x00000007ad380000, 0x00000007c0000000)
  eden space 133120K, 0% used [0x0000000795580000,0x0000000795580000,0x000000079d780000)
  from space 5120K, 99% used [0x000000079d780000,0x000000079dc7c6b0,0x000000079dc80000)
  to   space 97792K, 0% used [0x00000007a7400000,0x00000007a7400000,0x00000007ad380000)
 ParOldGen       total 153600K, used 152658K [0x0000000740000000, 0x0000000749600000, 0x0000000795580000)
  object space 153600K, 99% used [0x0000000740000000,0x0000000749514a20,0x0000000749600000)
 Metaspace       used 25367K, capacity 26360K, committed 26624K, reserved 1073152K
  class space    used 3271K, capacity 3502K, committed 3584K, reserved 1048576K
Event: 7.349 GC heap after
Heap after GC invocations=8 (full 3):
 PSYoungGen      total 138240K, used 0K [0x0000000795580000, 0x00000007ad380000, 0x00000007c0000000)
  eden space 133120K, 0% used [0x0000000795580000,0x0000000795580000,0x000000079d780000)
  from space 5120K, 0% used [0x000000079d780000,0x000000079d780000,0x000000079dc80000)
  to   space 97792K, 0% used [0x00000007a7400000,0x00000007a7400000,0x00000007ad380000)
 ParOldGen       total 299520K, used 121506K [0x0000000740000000, 0x0000000752480000, 0x0000000795580000)
  object space 299520K, 40% used [0x0000000740000000,0x00000007476a89f8,0x0000000752480000)
 Metaspace       used 25367K, capacity 26360K, committed 26624K, reserved 1073152K
  class space    used 3271K, capacity 3502K, committed 3584K, reserved 1048576K
}

