# JRE version: Java(TM) SE Runtime Environment (8.0_361) (build 1.8.0_361-b09)
# Java VM: Java HotSpot(TM) 64-Bit Server VM (25.361-b09 mixed mode bsd-amd64 compressed oops)
Heap:
 PSYoungGen      total 138240K, used 116598K [0x0000000795580000, 0x00000007acc00000, 0x00000007c0000000)
  eden space 133120K, 87% used [0x0000000795580000,0x000000079c75d9e0,0x000000079d780000)
  from space 5120K, 0% used [0x000000079d780000,0x000000079d780000,0x000000079dc80000)
  to   space 96768K, 0% used [0x00000007a6d80000,0x00000007a6d80000,0x00000007acc00000)
 ParOldGen       total 298496K, used 121309K [0x0000000740000000, 0x0000000752380000, 0x0000000795580000)
  object space 298496K, 40% used [0x0000000740000000,0x00000007476774a0,0x0000000752380000)
 Metaspace       used 25554K, capacity 26540K, committed 26880K, reserved 1073152K
  class space    used 3281K, capacity 3502K, committed 3584K, reserved 1048576K
GC Heap History (10 events):
Event: 6.004 GC heap before
{Heap before GC invocations=4 (full 1):
 PSYoungGen      total 71680K, used 5110K [0x0000000795580000, 0x000000079e180000, 0x00000007c0000000)
  eden space 66560K, 0% used [0x0000000795580000,0x0000000795580000,0x0000000799680000)
  from space 5120K, 99% used [0x0000000799680000,0x0000000799b7db30,0x0000000799b80000)
  to   space 5120K, 0% used [0x000000079dc80000,0x000000079dc80000,0x000000079e180000)
 ParOldGen       total 87552K, used 15427K [0x0000000740000000, 0x0000000745580000, 0x0000000795580000)
  object space 87552K, 17% used [0x0000000740000000,0x0000000740f10c48,0x0000000745580000)
 Metaspace       used 20440K, capacity 21168K, committed 21296K, reserved 1067008K
  class space    used 2624K, capacity 2854K, committed 2944K, reserved 1048576K
Event: 6.027 GC heap after
Heap after GC invocations=4 (full 1):
 PSYoungGen      total 71680K, used 0K [0x0000000795580000, 0x000000079e180000, 0x00000007c0000000)
  eden space 66560K, 0% used [0x0000000795580000,0x0000000795580000,0x0000000799680000)
  from space 5120K, 0% used [0x0000000799680000,0x0000000799680000,0x0000000799b80000)
  to   space 5120K, 0% used [0x000000079dc80000,0x000000079dc80000,0x000000079e180000)
 ParOldGen       total 69120K, used 17634K [0x0000000740000000, 0x0000000744380000, 0x0000000795580000)
  object space 69120K, 25% used [0x0000000740000000,0x0000000741138ba8,0x0000000744380000)
 Metaspace       used 20440K, capacity 21168K, committed 21296K, reserved 1067008K
  class space    used 2624K, capacity 2854K, committed 2944K, reserved 1048576K
}
Event: 7.362 GC heap before
{Heap before GC invocations=5 (full 1):
 PSYoungGen      total 71680K, used 66560K [0x0000000795580000, 0x000000079e180000, 0x00000007c0000000)
  eden space 66560K, 100% used [0x0000000795580000,0x0000000799680000,0x0000000799680000)
  from space 5120K, 0% used [0x0000000799680000,0x0000000799680000,0x0000000799b80000)
  to   space 5120K, 0% used [0x000000079dc80000,0x000000079dc80000,0x000000079e180000)
 ParOldGen       total 69120K, used 17634K [0x0000000740000000, 0x0000000744380000, 0x0000000795580000)
  object space 69120K, 25% used [0x0000000740000000,0x0000000741138ba8,0x0000000744380000)
 Metaspace       used 25463K, capacity 26348K, committed 26624K, reserved 1073152K
  class space    used 3281K, capacity 3502K, committed 3584K, reserved 1048576K
Event: 7.382 GC heap after
Heap after GC invocations=5 (full 1):
 PSYoungGen      total 128512K, used 5108K [0x0000000795580000, 0x000000079e180000, 0x00000007c0000000)
  eden space 123392K, 0% used [0x0000000795580000,0x0000000795580000,0x000000079ce00000)
  from space 5120K, 99% used [0x000000079dc80000,0x000000079e17d148,0x000000079e180000)
  to   space 5120K, 0% used [0x000000079d780000,0x000000079d780000,0x000000079dc80000)
 ParOldGen       total 69120K, used 46748K [0x0000000740000000, 0x0000000744380000, 0x0000000795580000)
  object space 69120K, 67% used [0x0000000740000000,0x0000000742da7130,0x0000000744380000)
 Metaspace       used 25463K, capacity 26348K, committed 26624K, reserved 1073152K
  class space    used 3281K, capacity 3502K, committed 3584K, reserved 1048576K
}
Event: 7.382 GC heap before
{Heap before GC invocations=6 (full 2):
 PSYoungGen      total 128512K, used 5108K [0x0000000795580000, 0x000000079e180000, 0x00000007c0000000)
  eden space 123392K, 0% used [0x0000000795580000,0x0000000795580000,0x000000079ce00000)
  from space 5120K, 99% used [0x000000079dc80000,0x000000079e17d148,0x000000079e180000)
  to   space 5120K, 0% used [0x000000079d780000,0x000000079d780000,0x000000079dc80000)
 ParOldGen       total 69120K, used 46748K [0x0000000740000000, 0x0000000744380000, 0x0000000795580000)
  object space 69120K, 67% used [0x0000000740000000,0x0000000742da7130,0x0000000744380000)
 Metaspace       used 25463K, capacity 26348K, committed 26624K, reserved 1073152K
  class space    used 3281K, capacity 3502K, committed 3584K, reserved 1048576K
Event: 7.465 GC heap after
Heap after GC invocations=6 (full 2):
 PSYoungGen      total 128512K, used 0K [0x0000000795580000, 0x000000079e180000, 0x00000007c0000000)
  eden space 123392K, 0% used [0x0000000795580000,0x0000000795580000,0x000000079ce00000)
  from space 5120K, 0% used [0x000000079dc80000,0x000000079dc80000,0x000000079e180000)
  to   space 5120K, 0% used [0x000000079d780000,0x000000079d780000,0x000000079dc80000)
 ParOldGen       total 137216K, used 45693K [0x0000000740000000, 0x0000000748600000, 0x0000000795580000)
  object space 137216K, 33% used [0x0000000740000000,0x0000000742c9f6f8,0x0000000748600000)
 Metaspace       used 25463K, capacity 26348K, committed 26624K, reserved 1073152K
  class space    used 3281K, capacity 3502K, committed 3584K, reserved 1048576K
}
Event: 8.017 GC heap before
{Heap before GC invocations=7 (full 2):
 PSYoungGen      total 128512K, used 123392K [0x0000000795580000, 0x000000079e180000, 0x00000007c0000000)
  eden space 123392K, 100% used [0x0000000795580000,0x000000079ce00000,0x000000079ce00000)
  from space 5120K, 0% used [0x000000079dc80000,0x000000079dc80000,0x000000079e180000)
  to   space 5120K, 0% used [0x000000079d780000,0x000000079d780000,0x000000079dc80000)
 ParOldGen       total 137216K, used 45693K [0x0000000740000000, 0x0000000748600000, 0x0000000795580000)
  object space 137216K, 33% used [0x0000000740000000,0x0000000742c9f6f8,0x0000000748600000)
 Metaspace       used 25553K, capacity 26540K, committed 26880K, reserved 1073152K
  class space    used 3281K, capacity 3502K, committed 3584K, reserved 1048576K
Event: 8.072 GC heap after
Heap after GC invocations=7 (full 2):
 PSYoungGen      total 138240K, used 5105K [0x0000000795580000, 0x00000007acc00000, 0x00000007c0000000)
  eden space 133120K, 0% used [0x0000000795580000,0x0000000795580000,0x000000079d780000)
  from space 5120K, 99% used [0x000000079d780000,0x000000079dc7c530,0x000000079dc80000)
  to   space 96768K, 0% used [0x00000007a6d80000,0x00000007a6d80000,0x00000007acc00000)
 ParOldGen       total 154624K, used 151877K [0x0000000740000000, 0x0000000749700000, 0x0000000795580000)
  object space 154624K, 98% used [0x0000000740000000,0x00000007494515f8,0x0000000749700000)
 Metaspace       used 25553K, capacity 26540K, committed 26880K, reserved 1073152K
  class space    used 3281K, capacity 3502K, committed 3584K, reserved 1048576K
}
Event: 8.072 GC heap before
{Heap before GC invocations=8 (full 3):
 PSYoungGen      total 138240K, used 5105K [0x0000000795580000, 0x00000007acc00000, 0x00000007c0000000)
  eden space 133120K, 0% used [0x0000000795580000,0x0000000795580000,0x000000079d780000)
  from space 5120K, 99% used [0x000000079d780000,0x000000079dc7c530,0x000000079dc80000)
  to   space 96768K, 0% used [0x00000007a6d80000,0x00000007a6d80000,0x00000007acc00000)
 ParOldGen       total 154624K, used 151877K [0x0000000740000000, 0x0000000749700000, 0x0000000795580000)
  object space 154624K, 98% used [0x0000000740000000,0x00000007494515f8,0x0000000749700000)
 Metaspace       used 25553K, capacity 26540K, committed 26880K, reserved 1073152K
  class space    used 3281K, capacity 3502K, committed 3584K, reserved 1048576K
Event: 8.201 GC heap after
Heap after GC invocations=8 (full 3):
 PSYoungGen      total 138240K, used 0K [0x0000000795580000, 0x00000007acc00000, 0x00000007c0000000)
  eden space 133120K, 0% used [0x0000000795580000,0x0000000795580000,0x000000079d780000)
  from space 5120K, 0% used [0x000000079d780000,0x000000079d780000,0x000000079dc80000)
  to   space 96768K, 0% used [0x00000007a6d80000,0x00000007a6d80000,0x00000007acc00000)
 ParOldGen       total 298496K, used 121309K [0x0000000740000000, 0x0000000752380000, 0x0000000795580000)
  object space 298496K, 40% used [0x0000000740000000,0x00000007476774a0,0x0000000752380000)
 Metaspace       used 25553K, capacity 26540K, committed 26880K, reserved 1073152K
  class space    used 3281K, capacity 3502K, committed 3584K, reserved 1048576K
}

