# JRE version: Java(TM) SE Runtime Environment (8.0_361) (build 1.8.0_361-b09)
# Java VM: Java HotSpot(TM) 64-Bit Server VM (25.361-b09 mixed mode bsd-amd64 compressed oops)
Heap:
 PSYoungGen      total 138240K, used 99110K [0x0000000795580000, 0x00000007ad400000, 0x00000007c0000000)
  eden space 133120K, 74% used [0x0000000795580000,0x000000079b649a40,0x000000079d780000)
  from space 5120K, 0% used [0x000000079d780000,0x000000079d780000,0x000000079dc80000)
  to   space 101888K, 0% used [0x00000007a7080000,0x00000007a7080000,0x00000007ad400000)
 ParOldGen       total 311808K, used 126072K [0x0000000740000000, 0x0000000753080000, 0x0000000795580000)
  object space 311808K, 40% used [0x0000000740000000,0x0000000747b1e1c8,0x0000000753080000)
 Metaspace       used 25546K, capacity 26476K, committed 26624K, reserved 1073152K
  class space    used 3285K, capacity 3502K, committed 3584K, reserved 1048576K
GC Heap History (10 events):
Event: 5.953 GC heap before
{Heap before GC invocations=4 (full 1):
 PSYoungGen      total 71680K, used 5088K [0x0000000795580000, 0x000000079e180000, 0x00000007c0000000)
  eden space 66560K, 0% used [0x0000000795580000,0x0000000795580000,0x0000000799680000)
  from space 5120K, 99% used [0x0000000799680000,0x0000000799b78060,0x0000000799b80000)
  to   space 5120K, 0% used [0x000000079dc80000,0x000000079dc80000,0x000000079e180000)
 ParOldGen       total 87552K, used 15460K [0x0000000740000000, 0x0000000745580000, 0x0000000795580000)
  object space 87552K, 17% used [0x0000000740000000,0x0000000740f19290,0x0000000745580000)
 Metaspace       used 20476K, capacity 21168K, committed 21296K, reserved 1067008K
  class space    used 2627K, capacity 2854K, committed 2944K, reserved 1048576K
Event: 5.976 GC heap after
Heap after GC invocations=4 (full 1):
 PSYoungGen      total 71680K, used 0K [0x0000000795580000, 0x000000079e180000, 0x00000007c0000000)
  eden space 66560K, 0% used [0x0000000795580000,0x0000000795580000,0x0000000799680000)
  from space 5120K, 0% used [0x0000000799680000,0x0000000799680000,0x0000000799b80000)
  to   space 5120K, 0% used [0x000000079dc80000,0x000000079dc80000,0x000000079e180000)
 ParOldGen       total 69632K, used 17675K [0x0000000740000000, 0x0000000744400000, 0x0000000795580000)
  object space 69632K, 25% used [0x0000000740000000,0x0000000741142e80,0x0000000744400000)
 Metaspace       used 20476K, capacity 21168K, committed 21296K, reserved 1067008K
  class space    used 2627K, capacity 2854K, committed 2944K, reserved 1048576K
}
Event: 7.341 GC heap before
{Heap before GC invocations=5 (full 1):
 PSYoungGen      total 71680K, used 66560K [0x0000000795580000, 0x000000079e180000, 0x00000007c0000000)
  eden space 66560K, 100% used [0x0000000795580000,0x0000000799680000,0x0000000799680000)
  from space 5120K, 0% used [0x0000000799680000,0x0000000799680000,0x0000000799b80000)
  to   space 5120K, 0% used [0x000000079dc80000,0x000000079dc80000,0x000000079e180000)
 ParOldGen       total 69632K, used 17675K [0x0000000740000000, 0x0000000744400000, 0x0000000795580000)
  object space 69632K, 25% used [0x0000000740000000,0x0000000741142e80,0x0000000744400000)
 Metaspace       used 25535K, capacity 26476K, committed 26624K, reserved 1073152K
  class space    used 3284K, capacity 3502K, committed 3584K, reserved 1048576K
Event: 7.366 GC heap after
Heap after GC invocations=5 (full 1):
 PSYoungGen      total 128512K, used 5114K [0x0000000795580000, 0x000000079e180000, 0x00000007c0000000)
  eden space 123392K, 0% used [0x0000000795580000,0x0000000795580000,0x000000079ce00000)
  from space 5120K, 99% used [0x000000079dc80000,0x000000079e17eb30,0x000000079e180000)
  to   space 5120K, 0% used [0x000000079d780000,0x000000079d780000,0x000000079dc80000)
 ParOldGen       total 69632K, used 57639K [0x0000000740000000, 0x0000000744400000, 0x0000000795580000)
  object space 69632K, 82% used [0x0000000740000000,0x0000000743849c98,0x0000000744400000)
 Metaspace       used 25535K, capacity 26476K, committed 26624K, reserved 1073152K
  class space    used 3284K, capacity 3502K, committed 3584K, reserved 1048576K
}
Event: 7.366 GC heap before
{Heap before GC invocations=6 (full 2):
 PSYoungGen      total 128512K, used 5114K [0x0000000795580000, 0x000000079e180000, 0x00000007c0000000)
  eden space 123392K, 0% used [0x0000000795580000,0x0000000795580000,0x000000079ce00000)
  from space 5120K, 99% used [0x000000079dc80000,0x000000079e17eb30,0x000000079e180000)
  to   space 5120K, 0% used [0x000000079d780000,0x000000079d780000,0x000000079dc80000)
 ParOldGen       total 69632K, used 57639K [0x0000000740000000, 0x0000000744400000, 0x0000000795580000)
  object space 69632K, 82% used [0x0000000740000000,0x0000000743849c98,0x0000000744400000)
 Metaspace       used 25535K, capacity 26476K, committed 26624K, reserved 1073152K
  class space    used 3284K, capacity 3502K, committed 3584K, reserved 1048576K
Event: 7.456 GC heap after
Heap after GC invocations=6 (full 2):
 PSYoungGen      total 128512K, used 0K [0x0000000795580000, 0x000000079e180000, 0x00000007c0000000)
  eden space 123392K, 0% used [0x0000000795580000,0x0000000795580000,0x000000079ce00000)
  from space 5120K, 0% used [0x000000079dc80000,0x000000079dc80000,0x000000079e180000)
  to   space 5120K, 0% used [0x000000079d780000,0x000000079d780000,0x000000079dc80000)
 ParOldGen       total 151040K, used 49693K [0x0000000740000000, 0x0000000749380000, 0x0000000795580000)
  object space 151040K, 32% used [0x0000000740000000,0x0000000743087428,0x0000000749380000)
 Metaspace       used 25535K, capacity 26476K, committed 26624K, reserved 1073152K
  class space    used 3284K, capacity 3502K, committed 3584K, reserved 1048576K
}
Event: 8.028 GC heap before
{Heap before GC invocations=7 (full 2):
 PSYoungGen      total 128512K, used 123392K [0x0000000795580000, 0x000000079e180000, 0x00000007c0000000)
  eden space 123392K, 100% used [0x0000000795580000,0x000000079ce00000,0x000000079ce00000)
  from space 5120K, 0% used [0x000000079dc80000,0x000000079dc80000,0x000000079e180000)
  to   space 5120K, 0% used [0x000000079d780000,0x000000079d780000,0x000000079dc80000)
 ParOldGen       total 151040K, used 49693K [0x0000000740000000, 0x0000000749380000, 0x0000000795580000)
  object space 151040K, 32% used [0x0000000740000000,0x0000000743087428,0x0000000749380000)
 Metaspace       used 25546K, capacity 26476K, committed 26624K, reserved 1073152K
  class space    used 3285K, capacity 3502K, committed 3584K, reserved 1048576K
Event: 8.084 GC heap after
Heap after GC invocations=7 (full 2):
 PSYoungGen      total 138240K, used 5105K [0x0000000795580000, 0x00000007ad400000, 0x00000007c0000000)
  eden space 133120K, 0% used [0x0000000795580000,0x0000000795580000,0x000000079d780000)
  from space 5120K, 99% used [0x000000079d780000,0x000000079dc7c5b0,0x000000079dc80000)
  to   space 101888K, 0% used [0x00000007a7080000,0x00000007a7080000,0x00000007ad400000)
 ParOldGen       total 155136K, used 155003K [0x0000000740000000, 0x0000000749780000, 0x0000000795580000)
  object space 155136K, 99% used [0x0000000740000000,0x000000074975efd8,0x0000000749780000)
 Metaspace       used 25546K, capacity 26476K, committed 26624K, reserved 1073152K
  class space    used 3285K, capacity 3502K, committed 3584K, reserved 1048576K
}
Event: 8.084 GC heap before
{Heap before GC invocations=8 (full 3):
 PSYoungGen      total 138240K, used 5105K [0x0000000795580000, 0x00000007ad400000, 0x00000007c0000000)
  eden space 133120K, 0% used [0x0000000795580000,0x0000000795580000,0x000000079d780000)
  from space 5120K, 99% used [0x000000079d780000,0x000000079dc7c5b0,0x000000079dc80000)
  to   space 101888K, 0% used [0x00000007a7080000,0x00000007a7080000,0x00000007ad400000)
 ParOldGen       total 155136K, used 155003K [0x0000000740000000, 0x0000000749780000, 0x0000000795580000)
  object space 155136K, 99% used [0x0000000740000000,0x000000074975efd8,0x0000000749780000)
 Metaspace       used 25546K, capacity 26476K, committed 26624K, reserved 1073152K
  class space    used 3285K, capacity 3502K, committed 3584K, reserved 1048576K
Event: 8.247 GC heap after
Heap after GC invocations=8 (full 3):
 PSYoungGen      total 138240K, used 0K [0x0000000795580000, 0x00000007ad400000, 0x00000007c0000000)
  eden space 133120K, 0% used [0x0000000795580000,0x0000000795580000,0x000000079d780000)
  from space 5120K, 0% used [0x000000079d780000,0x000000079d780000,0x000000079dc80000)
  to   space 101888K, 0% used [0x00000007a7080000,0x00000007a7080000,0x00000007ad400000)
 ParOldGen       total 311808K, used 126072K [0x0000000740000000, 0x0000000753080000, 0x0000000795580000)
  object space 311808K, 40% used [0x0000000740000000,0x0000000747b1e1c8,0x0000000753080000)
 Metaspace       used 25546K, capacity 26476K, committed 26624K, reserved 1073152K
  class space    used 3285K, capacity 3502K, committed 3584K, reserved 1048576K
}

