# JRE version: Java(TM) SE Runtime Environment (8.0_361) (build 1.8.0_361-b09)
# Java VM: Java HotSpot(TM) 64-Bit Server VM (25.361-b09 mixed mode bsd-amd64 compressed oops)
Heap:
 PSYoungGen      total 138240K, used 114498K [0x0000000795580000, 0x00000007ada00000, 0x00000007c0000000)
  eden space 133120K, 86% used [0x0000000795580000,0x000000079c550820,0x000000079d780000)
  from space 5120K, 0% used [0x000000079d780000,0x000000079d780000,0x000000079dc80000)
  to   space 97280K, 0% used [0x00000007a7b00000,0x00000007a7b00000,0x00000007ada00000)
 ParOldGen       total 290816K, used 123764K [0x0000000740000000, 0x0000000751c00000, 0x0000000795580000)
  object space 290816K, 42% used [0x0000000740000000,0x00000007478dd1d8,0x0000000751c00000)
 Metaspace       used 25531K, capacity 26424K, committed 26624K, reserved 1073152K
  class space    used 3280K, capacity 3502K, committed 3584K, reserved 1048576K
GC Heap History (10 events):
Event: 4.802 GC heap before
{Heap before GC invocations=4 (full 1):
 PSYoungGen      total 71680K, used 5088K [0x0000000795580000, 0x000000079e180000, 0x00000007c0000000)
  eden space 66560K, 0% used [0x0000000795580000,0x0000000795580000,0x0000000799680000)
  from space 5120K, 99% used [0x0000000799680000,0x0000000799b78060,0x0000000799b80000)
  to   space 5120K, 0% used [0x000000079dc80000,0x000000079dc80000,0x000000079e180000)
 ParOldGen       total 87552K, used 15493K [0x0000000740000000, 0x0000000745580000, 0x0000000795580000)
  object space 87552K, 17% used [0x0000000740000000,0x0000000740f215a8,0x0000000745580000)
 Metaspace       used 20452K, capacity 21180K, committed 21296K, reserved 1067008K
  class space    used 2623K, capacity 2854K, committed 2944K, reserved 1048576K
Event: 4.824 GC heap after
Heap after GC invocations=4 (full 1):
 PSYoungGen      total 71680K, used 0K [0x0000000795580000, 0x000000079e180000, 0x00000007c0000000)
  eden space 66560K, 0% used [0x0000000795580000,0x0000000795580000,0x0000000799680000)
  from space 5120K, 0% used [0x0000000799680000,0x0000000799680000,0x0000000799b80000)
  to   space 5120K, 0% used [0x000000079dc80000,0x000000079dc80000,0x000000079e180000)
 ParOldGen       total 68608K, used 18474K [0x0000000740000000, 0x0000000744300000, 0x0000000795580000)
  object space 68608K, 26% used [0x0000000740000000,0x000000074120ab50,0x0000000744300000)
 Metaspace       used 20452K, capacity 21180K, committed 21296K, reserved 1067008K
  class space    used 2623K, capacity 2854K, committed 2944K, reserved 1048576K
}
Event: 6.183 GC heap before
{Heap before GC invocations=5 (full 1):
 PSYoungGen      total 71680K, used 66560K [0x0000000795580000, 0x000000079e180000, 0x00000007c0000000)
  eden space 66560K, 100% used [0x0000000795580000,0x0000000799680000,0x0000000799680000)
  from space 5120K, 0% used [0x0000000799680000,0x0000000799680000,0x0000000799b80000)
  to   space 5120K, 0% used [0x000000079dc80000,0x000000079dc80000,0x000000079e180000)
 ParOldGen       total 68608K, used 18474K [0x0000000740000000, 0x0000000744300000, 0x0000000795580000)
  object space 68608K, 26% used [0x0000000740000000,0x000000074120ab50,0x0000000744300000)
 Metaspace       used 25430K, capacity 26360K, committed 26624K, reserved 1073152K
  class space    used 3279K, capacity 3502K, committed 3584K, reserved 1048576K
Event: 6.201 GC heap after
Heap after GC invocations=5 (full 1):
 PSYoungGen      total 131072K, used 5108K [0x0000000795580000, 0x000000079e180000, 0x00000007c0000000)
  eden space 125952K, 0% used [0x0000000795580000,0x0000000795580000,0x000000079d080000)
  from space 5120K, 99% used [0x000000079dc80000,0x000000079e17d128,0x000000079e180000)
  to   space 5120K, 0% used [0x000000079d780000,0x000000079d780000,0x000000079dc80000)
 ParOldGen       total 68608K, used 48649K [0x0000000740000000, 0x0000000744300000, 0x0000000795580000)
  object space 68608K, 70% used [0x0000000740000000,0x0000000742f827b0,0x0000000744300000)
 Metaspace       used 25430K, capacity 26360K, committed 26624K, reserved 1073152K
  class space    used 3279K, capacity 3502K, committed 3584K, reserved 1048576K
}
Event: 6.201 GC heap before
{Heap before GC invocations=6 (full 2):
 PSYoungGen      total 131072K, used 5108K [0x0000000795580000, 0x000000079e180000, 0x00000007c0000000)
  eden space 125952K, 0% used [0x0000000795580000,0x0000000795580000,0x000000079d080000)
  from space 5120K, 99% used [0x000000079dc80000,0x000000079e17d128,0x000000079e180000)
  to   space 5120K, 0% used [0x000000079d780000,0x000000079d780000,0x000000079dc80000)
 ParOldGen       total 68608K, used 48649K [0x0000000740000000, 0x0000000744300000, 0x0000000795580000)
  object space 68608K, 70% used [0x0000000740000000,0x0000000742f827b0,0x0000000744300000)
 Metaspace       used 25430K, capacity 26360K, committed 26624K, reserved 1073152K
  class space    used 3279K, capacity 3502K, committed 3584K, reserved 1048576K
Event: 6.281 GC heap after
Heap after GC invocations=6 (full 2):
 PSYoungGen      total 131072K, used 0K [0x0000000795580000, 0x000000079e180000, 0x00000007c0000000)
  eden space 125952K, 0% used [0x0000000795580000,0x0000000795580000,0x000000079d080000)
  from space 5120K, 0% used [0x000000079dc80000,0x000000079dc80000,0x000000079e180000)
  to   space 5120K, 0% used [0x000000079d780000,0x000000079d780000,0x000000079dc80000)
 ParOldGen       total 131584K, used 45504K [0x0000000740000000, 0x0000000748080000, 0x0000000795580000)
  object space 131584K, 34% used [0x0000000740000000,0x0000000742c70270,0x0000000748080000)
 Metaspace       used 25430K, capacity 26360K, committed 26624K, reserved 1073152K
  class space    used 3279K, capacity 3502K, committed 3584K, reserved 1048576K
}
Event: 6.851 GC heap before
{Heap before GC invocations=7 (full 2):
 PSYoungGen      total 131072K, used 125952K [0x0000000795580000, 0x000000079e180000, 0x00000007c0000000)
  eden space 125952K, 100% used [0x0000000795580000,0x000000079d080000,0x000000079d080000)
  from space 5120K, 0% used [0x000000079dc80000,0x000000079dc80000,0x000000079e180000)
  to   space 5120K, 0% used [0x000000079d780000,0x000000079d780000,0x000000079dc80000)
 ParOldGen       total 131584K, used 45504K [0x0000000740000000, 0x0000000748080000, 0x0000000795580000)
  object space 131584K, 34% used [0x0000000740000000,0x0000000742c70270,0x0000000748080000)
 Metaspace       used 25530K, capacity 26424K, committed 26624K, reserved 1073152K
  class space    used 3280K, capacity 3502K, committed 3584K, reserved 1048576K
Event: 6.910 GC heap after
Heap after GC invocations=7 (full 2):
 PSYoungGen      total 138240K, used 5105K [0x0000000795580000, 0x00000007ada00000, 0x00000007c0000000)
  eden space 133120K, 0% used [0x0000000795580000,0x0000000795580000,0x000000079d780000)
  from space 5120K, 99% used [0x000000079d780000,0x000000079dc7c530,0x000000079dc80000)
  to   space 97280K, 0% used [0x00000007a7b00000,0x00000007a7b00000,0x00000007ada00000)
 ParOldGen       total 152576K, used 152177K [0x0000000740000000, 0x0000000749500000, 0x0000000795580000)
  object space 152576K, 99% used [0x0000000740000000,0x000000074949c420,0x0000000749500000)
 Metaspace       used 25530K, capacity 26424K, committed 26624K, reserved 1073152K
  class space    used 3280K, capacity 3502K, committed 3584K, reserved 1048576K
}
Event: 6.910 GC heap before
{Heap before GC invocations=8 (full 3):
 PSYoungGen      total 138240K, used 5105K [0x0000000795580000, 0x00000007ada00000, 0x00000007c0000000)
  eden space 133120K, 0% used [0x0000000795580000,0x0000000795580000,0x000000079d780000)
  from space 5120K, 99% used [0x000000079d780000,0x000000079dc7c530,0x000000079dc80000)
  to   space 97280K, 0% used [0x00000007a7b00000,0x00000007a7b00000,0x00000007ada00000)
 ParOldGen       total 152576K, used 152177K [0x0000000740000000, 0x0000000749500000, 0x0000000795580000)
  object space 152576K, 99% used [0x0000000740000000,0x000000074949c420,0x0000000749500000)
 Metaspace       used 25530K, capacity 26424K, committed 26624K, reserved 1073152K
  class space    used 3280K, capacity 3502K, committed 3584K, reserved 1048576K
Event: 7.037 GC heap after
Heap after GC invocations=8 (full 3):
 PSYoungGen      total 138240K, used 0K [0x0000000795580000, 0x00000007ada00000, 0x00000007c0000000)
  eden space 133120K, 0% used [0x0000000795580000,0x0000000795580000,0x000000079d780000)
  from space 5120K, 0% used [0x000000079d780000,0x000000079d780000,0x000000079dc80000)
  to   space 97280K, 0% used [0x00000007a7b00000,0x00000007a7b00000,0x00000007ada00000)
 ParOldGen       total 290816K, used 123764K [0x0000000740000000, 0x0000000751c00000, 0x0000000795580000)
  object space 290816K, 42% used [0x0000000740000000,0x00000007478dd1d8,0x0000000751c00000)
 Metaspace       used 25530K, capacity 26424K, committed 26624K, reserved 1073152K
  class space    used 3280K, capacity 3502K, committed 3584K, reserved 1048576K
}

