# JRE version: Java(TM) SE Runtime Environment (8.0_361) (build 1.8.0_361-b09)
# Java VM: Java HotSpot(TM) 64-Bit Server VM (25.361-b09 mixed mode bsd-amd64 compressed oops)
Heap:
 PSYoungGen      total 411136K, used 256387K [0x0000000795580000, 0x00000007c0000000, 0x00000007c0000000)
  eden space 286208K, 45% used [0x0000000795580000,0x000000079d5f8ef0,0x00000007a6d00000)
  from space 124928K, 99% used [0x00000007a6d00000,0x00000007ae6e8000,0x00000007ae700000)
  to   space 210432K, 0% used [0x00000007b3280000,0x00000007b3280000,0x00000007c0000000)
 ParOldGen       total 743936K, used 505551K [0x0000000740000000, 0x000000076d680000, 0x0000000795580000)
  object space 743936K, 67% used [0x0000000740000000,0x000000075edb3dc8,0x000000076d680000)
 Metaspace       used 18105K, capacity 18846K, committed 19200K, reserved 1067008K
  class space    used 2282K, capacity 2457K, committed 2560K, reserved 1048576K
GC Heap History (10 events):
Event: 16.717 GC heap before
{Heap before GC invocations=15 (full 3):
 PSYoungGen      total 558080K, used 483375K [0x0000000795580000, 0x00000007c0000000, 0x00000007c0000000)
  eden space 417280K, 100% used [0x0000000795580000,0x00000007aed00000,0x00000007aed00000)
  from space 140800K, 46% used [0x00000007aed00000,0x00000007b2d8bc40,0x00000007b7680000)
  to   space 138240K, 0% used [0x00000007b7900000,0x00000007b7900000,0x00000007c0000000)
 ParOldGen       total 505856K, used 322965K [0x0000000740000000, 0x000000075ee00000, 0x0000000795580000)
  object space 505856K, 63% used [0x0000000740000000,0x0000000753b65670,0x000000075ee00000)
 Metaspace       used 18105K, capacity 18846K, committed 19200K, reserved 1067008K
  class space    used 2282K, capacity 2457K, committed 2560K, reserved 1048576K
Event: 17.116 GC heap after
Heap after GC invocations=15 (full 3):
 PSYoungGen      total 516608K, used 135552K [0x0000000795580000, 0x00000007c0000000, 0x00000007c0000000)
  eden space 378368K, 0% used [0x0000000795580000,0x0000000795580000,0x00000007ac700000)
  from space 138240K, 98% used [0x00000007b7900000,0x00000007bfd60000,0x00000007c0000000)
  to   space 160256K, 0% used [0x00000007ac700000,0x00000007ac700000,0x00000007b6380000)
 ParOldGen       total 505856K, used 322965K [0x0000000740000000, 0x000000075ee00000, 0x0000000795580000)
  object space 505856K, 63% used [0x0000000740000000,0x0000000753b65670,0x000000075ee00000)
 Metaspace       used 18105K, capacity 18846K, committed 19200K, reserved 1067008K
  class space    used 2282K, capacity 2457K, committed 2560K, reserved 1048576K
}
Event: 17.818 GC heap before
{Heap before GC invocations=16 (full 3):
 PSYoungGen      total 516608K, used 513920K [0x0000000795580000, 0x00000007c0000000, 0x00000007c0000000)
  eden space 378368K, 100% used [0x0000000795580000,0x00000007ac700000,0x00000007ac700000)
  from space 138240K, 98% used [0x00000007b7900000,0x00000007bfd60000,0x00000007c0000000)
  to   space 160256K, 0% used [0x00000007ac700000,0x00000007ac700000,0x00000007b6380000)
 ParOldGen       total 505856K, used 322965K [0x0000000740000000, 0x000000075ee00000, 0x0000000795580000)
  object space 505856K, 63% used [0x0000000740000000,0x0000000753b65670,0x000000075ee00000)
 Metaspace       used 18105K, capacity 18846K, committed 19200K, reserved 1067008K
  class space    used 2282K, capacity 2457K, committed 2560K, reserved 1048576K
Event: 17.944 GC heap after
Heap after GC invocations=16 (full 3):
 PSYoungGen      total 538624K, used 160256K [0x0000000795580000, 0x00000007c0000000, 0x00000007c0000000)
  eden space 378368K, 0% used [0x0000000795580000,0x0000000795580000,0x00000007ac700000)
  from space 160256K, 100% used [0x00000007ac700000,0x00000007b6380000,0x00000007b6380000)
  to   space 160256K, 0% used [0x00000007b6380000,0x00000007b6380000,0x00000007c0000000)
 ParOldGen       total 505856K, used 360941K [0x0000000740000000, 0x000000075ee00000, 0x0000000795580000)
  object space 505856K, 71% used [0x0000000740000000,0x000000075607b670,0x000000075ee00000)
 Metaspace       used 18105K, capacity 18846K, committed 19200K, reserved 1067008K
  class space    used 2282K, capacity 2457K, committed 2560K, reserved 1048576K
}
Event: 18.574 GC heap before
{Heap before GC invocations=17 (full 3):
 PSYoungGen      total 538624K, used 538624K [0x0000000795580000, 0x00000007c0000000, 0x00000007c0000000)
  eden space 378368K, 100% used [0x0000000795580000,0x00000007ac700000,0x00000007ac700000)
  from space 160256K, 100% used [0x00000007ac700000,0x00000007b6380000,0x00000007b6380000)
  to   space 160256K, 0% used [0x00000007b6380000,0x00000007b6380000,0x00000007c0000000)
 ParOldGen       total 505856K, used 360941K [0x0000000740000000, 0x000000075ee00000, 0x0000000795580000)
  object space 505856K, 71% used [0x0000000740000000,0x000000075607b670,0x000000075ee00000)
 Metaspace       used 18105K, capacity 18846K, committed 19200K, reserved 1067008K
  class space    used 2282K, capacity 2457K, committed 2560K, reserved 1048576K
Event: 18.737 GC heap after
Heap after GC invocations=17 (full 3):
 PSYoungGen      total 446464K, used 125504K [0x0000000795580000, 0x00000007c0000000, 0x00000007c0000000)
  eden space 286208K, 0% used [0x0000000795580000,0x0000000795580000,0x00000007a6d00000)
  from space 160256K, 78% used [0x00000007b6380000,0x00000007bde10000,0x00000007c0000000)
  to   space 206336K, 0% used [0x00000007a6d00000,0x00000007a6d00000,0x00000007b3680000)
 ParOldGen       total 505856K, used 459461K [0x0000000740000000, 0x000000075ee00000, 0x0000000795580000)
  object space 505856K, 90% used [0x0000000740000000,0x000000075c0b1670,0x000000075ee00000)
 Metaspace       used 18105K, capacity 18846K, committed 19200K, reserved 1067008K
  class space    used 2282K, capacity 2457K, committed 2560K, reserved 1048576K
}
Event: 18.737 GC heap before
{Heap before GC invocations=18 (full 4):
 PSYoungGen      total 446464K, used 125504K [0x0000000795580000, 0x00000007c0000000, 0x00000007c0000000)
  eden space 286208K, 0% used [0x0000000795580000,0x0000000795580000,0x00000007a6d00000)
  from space 160256K, 78% used [0x00000007b6380000,0x00000007bde10000,0x00000007c0000000)
  to   space 206336K, 0% used [0x00000007a6d00000,0x00000007a6d00000,0x00000007b3680000)
 ParOldGen       total 505856K, used 459461K [0x0000000740000000, 0x000000075ee00000, 0x0000000795580000)
  object space 505856K, 90% used [0x0000000740000000,0x000000075c0b1670,0x000000075ee00000)
 Metaspace       used 18105K, capacity 18846K, committed 19200K, reserved 1067008K
  class space    used 2282K, capacity 2457K, committed 2560K, reserved 1048576K
Event: 20.131 GC heap after
Heap after GC invocations=18 (full 4):
 PSYoungGen      total 446464K, used 77068K [0x0000000795580000, 0x00000007c0000000, 0x00000007c0000000)
  eden space 286208K, 0% used [0x0000000795580000,0x0000000795580000,0x00000007a6d00000)
  from space 160256K, 48% used [0x00000007b6380000,0x00000007baec3390,0x00000007c0000000)
  to   space 206336K, 0% used [0x00000007a6d00000,0x00000007a6d00000,0x00000007b3680000)
 ParOldGen       total 743936K, used 505551K [0x0000000740000000, 0x000000076d680000, 0x0000000795580000)
  object space 743936K, 67% used [0x0000000740000000,0x000000075edb3dc8,0x000000076d680000)
 Metaspace       used 18105K, capacity 18846K, committed 19200K, reserved 1067008K
  class space    used 2282K, capacity 2457K, committed 2560K, reserved 1048576K
}
Event: 20.741 GC heap before
{Heap before GC invocations=19 (full 4):
 PSYoungGen      total 446464K, used 363276K [0x0000000795580000, 0x00000007c0000000, 0x00000007c0000000)
  eden space 286208K, 100% used [0x0000000795580000,0x00000007a6d00000,0x00000007a6d00000)
  from space 160256K, 48% used [0x00000007b6380000,0x00000007baec3390,0x00000007c0000000)
  to   space 206336K, 0% used [0x00000007a6d00000,0x00000007a6d00000,0x00000007b3680000)
 ParOldGen       total 743936K, used 505551K [0x0000000740000000, 0x000000076d680000, 0x0000000795580000)
  object space 743936K, 67% used [0x0000000740000000,0x000000075edb3dc8,0x000000076d680000)
 Metaspace       used 18105K, capacity 18846K, committed 19200K, reserved 1067008K
  class space    used 2282K, capacity 2457K, committed 2560K, reserved 1048576K
Event: 21.029 GC heap after
Heap after GC invocations=19 (full 4):
 PSYoungGen      total 411136K, used 124832K [0x0000000795580000, 0x00000007c0000000, 0x00000007c0000000)
  eden space 286208K, 0% used [0x0000000795580000,0x0000000795580000,0x00000007a6d00000)
  from space 124928K, 99% used [0x00000007a6d00000,0x00000007ae6e8000,0x00000007ae700000)
  to   space 210432K, 0% used [0x00000007b3280000,0x00000007b3280000,0x00000007c0000000)
 ParOldGen       total 743936K, used 505551K [0x0000000740000000, 0x000000076d680000, 0x0000000795580000)
  object space 743936K, 67% used [0x0000000740000000,0x000000075edb3dc8,0x000000076d680000)
 Metaspace       used 18105K, capacity 18846K, committed 19200K, reserved 1067008K
  class space    used 2282K, capacity 2457K, committed 2560K, reserved 1048576K
}

