# JRE version: Java(TM) SE Runtime Environment (8.0_361) (build 1.8.0_361-b09)
# Java VM: Java HotSpot(TM) 64-Bit Server VM (25.361-b09 mixed mode bsd-amd64 compressed oops)
Heap:
 PSYoungGen      total 275968K, used 73513K [0x0000000795580000, 0x00000007bf280000, 0x00000007c0000000)
  eden space 221184K, 33% used [0x0000000795580000,0x0000000799d4a720,0x00000007a2d80000)
  from space 54784K, 0% used [0x00000007a2d80000,0x00000007a2d80000,0x00000007a6300000)
  to   space 143872K, 0% used [0x00000007b6600000,0x00000007b6600000,0x00000007bf280000)
 ParOldGen       total 330240K, used 162600K [0x0000000740000000, 0x0000000754280000, 0x0000000795580000)
  object space 330240K, 49% used [0x0000000740000000,0x0000000749eca3a0,0x0000000754280000)
 Metaspace       used 30123K, capacity 31644K, committed 31744K, reserved 1077248K
  class space    used 3938K, capacity 4268K, committed 4352K, reserved 1048576K
GC Heap History (10 events):
Event: 16.828 GC heap before
{Heap before GC invocations=6 (full 1):
 PSYoungGen      total 126976K, used 126947K [0x0000000795580000, 0x000000079e180000, 0x00000007c0000000)
  eden space 121856K, 100% used [0x0000000795580000,0x000000079cc80000,0x000000079cc80000)
  from space 5120K, 99% used [0x000000079dc80000,0x000000079e178f88,0x000000079e180000)
  to   space 5120K, 0% used [0x000000079d780000,0x000000079d780000,0x000000079dc80000)
 ParOldGen       total 67584K, used 32707K [0x0000000740000000, 0x0000000744200000, 0x0000000795580000)
  object space 67584K, 48% used [0x0000000740000000,0x0000000741ff0c48,0x0000000744200000)
 Metaspace       used 28840K, capacity 30210K, committed 30336K, reserved 1075200K
  class space    used 3870K, capacity 4167K, committed 4224K, reserved 1048576K
Event: 16.846 GC heap after
Heap after GC invocations=6 (full 1):
 PSYoungGen      total 138240K, used 5108K [0x0000000795580000, 0x00000007a9780000, 0x00000007c0000000)
  eden space 133120K, 0% used [0x0000000795580000,0x0000000795580000,0x000000079d780000)
  from space 5120K, 99% used [0x000000079d780000,0x000000079dc7d0c8,0x000000079dc80000)
  to   space 53760K, 0% used [0x00000007a6300000,0x00000007a6300000,0x00000007a9780000)
 ParOldGen       total 89600K, used 86553K [0x0000000740000000, 0x0000000745780000, 0x0000000795580000)
  object space 89600K, 96% used [0x0000000740000000,0x00000007454865c0,0x0000000745780000)
 Metaspace       used 28840K, capacity 30210K, committed 30336K, reserved 1075200K
  class space    used 3870K, capacity 4167K, committed 4224K, reserved 1048576K
}
Event: 16.846 GC heap before
{Heap before GC invocations=7 (full 2):
 PSYoungGen      total 138240K, used 5108K [0x0000000795580000, 0x00000007a9780000, 0x00000007c0000000)
  eden space 133120K, 0% used [0x0000000795580000,0x0000000795580000,0x000000079d780000)
  from space 5120K, 99% used [0x000000079d780000,0x000000079dc7d0c8,0x000000079dc80000)
  to   space 53760K, 0% used [0x00000007a6300000,0x00000007a6300000,0x00000007a9780000)
 ParOldGen       total 89600K, used 86553K [0x0000000740000000, 0x0000000745780000, 0x0000000795580000)
  object space 89600K, 96% used [0x0000000740000000,0x00000007454865c0,0x0000000745780000)
 Metaspace       used 28840K, capacity 30210K, committed 30336K, reserved 1075200K
  class space    used 3870K, capacity 4167K, committed 4224K, reserved 1048576K
Event: 16.918 GC heap after
Heap after GC invocations=7 (full 2):
 PSYoungGen      total 138240K, used 0K [0x0000000795580000, 0x00000007a9780000, 0x00000007c0000000)
  eden space 133120K, 0% used [0x0000000795580000,0x0000000795580000,0x000000079d780000)
  from space 5120K, 0% used [0x000000079d780000,0x000000079d780000,0x000000079dc80000)
  to   space 53760K, 0% used [0x00000007a6300000,0x00000007a6300000,0x00000007a9780000)
 ParOldGen       total 151040K, used 55901K [0x0000000740000000, 0x0000000749380000, 0x0000000795580000)
  object space 151040K, 37% used [0x0000000740000000,0x00000007436974a8,0x0000000749380000)
 Metaspace       used 28840K, capacity 30210K, committed 30336K, reserved 1075200K
  class space    used 3870K, capacity 4167K, committed 4224K, reserved 1048576K
}
Event: 25.345 GC heap before
{Heap before GC invocations=8 (full 2):
 PSYoungGen      total 138240K, used 133120K [0x0000000795580000, 0x00000007a9780000, 0x00000007c0000000)
  eden space 133120K, 100% used [0x0000000795580000,0x000000079d780000,0x000000079d780000)
  from space 5120K, 0% used [0x000000079d780000,0x000000079d780000,0x000000079dc80000)
  to   space 53760K, 0% used [0x00000007a6300000,0x00000007a6300000,0x00000007a9780000)
 ParOldGen       total 151040K, used 55901K [0x0000000740000000, 0x0000000749380000, 0x0000000795580000)
  object space 151040K, 37% used [0x0000000740000000,0x00000007436974a8,0x0000000749380000)
 Metaspace       used 29395K, capacity 30846K, committed 31104K, reserved 1077248K
  class space    used 3878K, capacity 4177K, committed 4224K, reserved 1048576K
Event: 25.368 GC heap after
Heap after GC invocations=8 (full 2):
 PSYoungGen      total 274944K, used 33156K [0x0000000795580000, 0x00000007aa180000, 0x00000007c0000000)
  eden space 221184K, 0% used [0x0000000795580000,0x0000000795580000,0x00000007a2d80000)
  from space 53760K, 61% used [0x00000007a6300000,0x00000007a8361140,0x00000007a9780000)
  to   space 54784K, 0% used [0x00000007a2d80000,0x00000007a2d80000,0x00000007a6300000)
 ParOldGen       total 151040K, used 55901K [0x0000000740000000, 0x0000000749380000, 0x0000000795580000)
  object space 151040K, 37% used [0x0000000740000000,0x00000007436974a8,0x0000000749380000)
 Metaspace       used 29395K, capacity 30846K, committed 31104K, reserved 1077248K
  class space    used 3878K, capacity 4177K, committed 4224K, reserved 1048576K
}
Event: 28.274 GC heap before
{Heap before GC invocations=9 (full 2):
 PSYoungGen      total 274944K, used 254340K [0x0000000795580000, 0x00000007aa180000, 0x00000007c0000000)
  eden space 221184K, 100% used [0x0000000795580000,0x00000007a2d80000,0x00000007a2d80000)
  from space 53760K, 61% used [0x00000007a6300000,0x00000007a8361140,0x00000007a9780000)
  to   space 54784K, 0% used [0x00000007a2d80000,0x00000007a2d80000,0x00000007a6300000)
 ParOldGen       total 151040K, used 55901K [0x0000000740000000, 0x0000000749380000, 0x0000000795580000)
  object space 151040K, 37% used [0x0000000740000000,0x00000007436974a8,0x0000000749380000)
 Metaspace       used 30122K, capacity 31644K, committed 31744K, reserved 1077248K
  class space    used 3938K, capacity 4268K, committed 4352K, reserved 1048576K
Event: 28.388 GC heap after
Heap after GC invocations=9 (full 2):
 PSYoungGen      total 275968K, used 54779K [0x0000000795580000, 0x00000007bf280000, 0x00000007c0000000)
  eden space 221184K, 0% used [0x0000000795580000,0x0000000795580000,0x00000007a2d80000)
  from space 54784K, 99% used [0x00000007a2d80000,0x00000007a62fecf8,0x00000007a6300000)
  to   space 143872K, 0% used [0x00000007b6600000,0x00000007b6600000,0x00000007bf280000)
 ParOldGen       total 211968K, used 211253K [0x0000000740000000, 0x000000074cf00000, 0x0000000795580000)
  object space 211968K, 99% used [0x0000000740000000,0x000000074ce4d7f8,0x000000074cf00000)
 Metaspace       used 30122K, capacity 31644K, committed 31744K, reserved 1077248K
  class space    used 3938K, capacity 4268K, committed 4352K, reserved 1048576K
}
Event: 28.388 GC heap before
{Heap before GC invocations=10 (full 3):
 PSYoungGen      total 275968K, used 54779K [0x0000000795580000, 0x00000007bf280000, 0x00000007c0000000)
  eden space 221184K, 0% used [0x0000000795580000,0x0000000795580000,0x00000007a2d80000)
  from space 54784K, 99% used [0x00000007a2d80000,0x00000007a62fecf8,0x00000007a6300000)
  to   space 143872K, 0% used [0x00000007b6600000,0x00000007b6600000,0x00000007bf280000)
 ParOldGen       total 211968K, used 211253K [0x0000000740000000, 0x000000074cf00000, 0x0000000795580000)
  object space 211968K, 99% used [0x0000000740000000,0x000000074ce4d7f8,0x000000074cf00000)
 Metaspace       used 30122K, capacity 31644K, committed 31744K, reserved 1077248K
  class space    used 3938K, capacity 4268K, committed 4352K, reserved 1048576K
Event: 28.563 GC heap after
Heap after GC invocations=10 (full 3):
 PSYoungGen      total 275968K, used 0K [0x0000000795580000, 0x00000007bf280000, 0x00000007c0000000)
  eden space 221184K, 0% used [0x0000000795580000,0x0000000795580000,0x00000007a2d80000)
  from space 54784K, 0% used [0x00000007a2d80000,0x00000007a2d80000,0x00000007a6300000)
  to   space 143872K, 0% used [0x00000007b6600000,0x00000007b6600000,0x00000007bf280000)
 ParOldGen       total 330240K, used 162600K [0x0000000740000000, 0x0000000754280000, 0x0000000795580000)
  object space 330240K, 49% used [0x0000000740000000,0x0000000749eca3a0,0x0000000754280000)
 Metaspace       used 30122K, capacity 31644K, committed 31744K, reserved 1077248K
  class space    used 3938K, capacity 4268K, committed 4352K, reserved 1048576K
}

