# JRE version: Java(TM) SE Runtime Environment (8.0_361) (build 1.8.0_361-b09)
# Java VM: Java HotSpot(TM) 64-Bit Server VM (25.361-b09 mixed mode bsd-amd64 compressed oops)
Heap:
 PSYoungGen      total 138240K, used 126942K [0x0000000795580000, 0x00000007ab500000, 0x00000007c0000000)
  eden space 133120K, 95% used [0x0000000795580000,0x000000079d177b00,0x000000079d780000)
  from space 5120K, 0% used [0x000000079d780000,0x000000079d780000,0x000000079dc80000)
  to   space 90624K, 0% used [0x00000007a5c80000,0x00000007a5c80000,0x00000007ab500000)
 ParOldGen       total 297472K, used 116232K [0x0000000740000000, 0x0000000752280000, 0x0000000795580000)
  object space 297472K, 39% used [0x0000000740000000,0x0000000747182068,0x0000000752280000)
 Metaspace       used 25547K, capacity 26472K, committed 26624K, reserved 1073152K
  class space    used 3284K, capacity 3502K, committed 3584K, reserved 1048576K
GC Heap History (10 events):
Event: 5.998 GC heap before
{Heap before GC invocations=4 (full 1):
 PSYoungGen      total 71680K, used 5088K [0x0000000795580000, 0x000000079e180000, 0x00000007c0000000)
  eden space 66560K, 0% used [0x0000000795580000,0x0000000795580000,0x0000000799680000)
  from space 5120K, 99% used [0x0000000799680000,0x0000000799b78060,0x0000000799b80000)
  to   space 5120K, 0% used [0x000000079dc80000,0x000000079dc80000,0x000000079e180000)
 ParOldGen       total 87552K, used 13632K [0x0000000740000000, 0x0000000745580000, 0x0000000795580000)
  object space 87552K, 15% used [0x0000000740000000,0x0000000740d503f8,0x0000000745580000)
 Metaspace       used 20443K, capacity 21164K, committed 21296K, reserved 1067008K
  class space    used 2626K, capacity 2854K, committed 2944K, reserved 1048576K
Event: 6.042 GC heap after
Heap after GC invocations=4 (full 1):
 PSYoungGen      total 71680K, used 0K [0x0000000795580000, 0x000000079e180000, 0x00000007c0000000)
  eden space 66560K, 0% used [0x0000000795580000,0x0000000795580000,0x0000000799680000)
  from space 5120K, 0% used [0x0000000799680000,0x0000000799680000,0x0000000799b80000)
  to   space 5120K, 0% used [0x000000079dc80000,0x000000079dc80000,0x000000079e180000)
 ParOldGen       total 71680K, used 18358K [0x0000000740000000, 0x0000000744600000, 0x0000000795580000)
  object space 71680K, 25% used [0x0000000740000000,0x00000007411ed968,0x0000000744600000)
 Metaspace       used 20443K, capacity 21164K, committed 21296K, reserved 1067008K
  class space    used 2626K, capacity 2854K, committed 2944K, reserved 1048576K
}
Event: 7.398 GC heap before
{Heap before GC invocations=5 (full 1):
 PSYoungGen      total 71680K, used 66560K [0x0000000795580000, 0x000000079e180000, 0x00000007c0000000)
  eden space 66560K, 100% used [0x0000000795580000,0x0000000799680000,0x0000000799680000)
  from space 5120K, 0% used [0x0000000799680000,0x0000000799680000,0x0000000799b80000)
  to   space 5120K, 0% used [0x000000079dc80000,0x000000079dc80000,0x000000079e180000)
 ParOldGen       total 71680K, used 18358K [0x0000000740000000, 0x0000000744600000, 0x0000000795580000)
  object space 71680K, 25% used [0x0000000740000000,0x00000007411ed968,0x0000000744600000)
 Metaspace       used 25452K, capacity 26344K, committed 26624K, reserved 1073152K
  class space    used 3283K, capacity 3502K, committed 3584K, reserved 1048576K
Event: 7.415 GC heap after
Heap after GC invocations=5 (full 1):
 PSYoungGen      total 120320K, used 5108K [0x0000000795580000, 0x000000079e180000, 0x00000007c0000000)
  eden space 115200K, 0% used [0x0000000795580000,0x0000000795580000,0x000000079c600000)
  from space 5120K, 99% used [0x000000079dc80000,0x000000079e17d148,0x000000079e180000)
  to   space 5120K, 0% used [0x000000079d780000,0x000000079d780000,0x000000079dc80000)
 ParOldGen       total 71680K, used 48985K [0x0000000740000000, 0x0000000744600000, 0x0000000795580000)
  object space 71680K, 68% used [0x0000000740000000,0x0000000742fd6438,0x0000000744600000)
 Metaspace       used 25452K, capacity 26344K, committed 26624K, reserved 1073152K
  class space    used 3283K, capacity 3502K, committed 3584K, reserved 1048576K
}
Event: 7.415 GC heap before
{Heap before GC invocations=6 (full 2):
 PSYoungGen      total 120320K, used 5108K [0x0000000795580000, 0x000000079e180000, 0x00000007c0000000)
  eden space 115200K, 0% used [0x0000000795580000,0x0000000795580000,0x000000079c600000)
  from space 5120K, 99% used [0x000000079dc80000,0x000000079e17d148,0x000000079e180000)
  to   space 5120K, 0% used [0x000000079d780000,0x000000079d780000,0x000000079dc80000)
 ParOldGen       total 71680K, used 48985K [0x0000000740000000, 0x0000000744600000, 0x0000000795580000)
  object space 71680K, 68% used [0x0000000740000000,0x0000000742fd6438,0x0000000744600000)
 Metaspace       used 25452K, capacity 26344K, committed 26624K, reserved 1073152K
  class space    used 3283K, capacity 3502K, committed 3584K, reserved 1048576K
Event: 7.488 GC heap after
Heap after GC invocations=6 (full 2):
 PSYoungGen      total 120320K, used 0K [0x0000000795580000, 0x000000079e180000, 0x00000007c0000000)
  eden space 115200K, 0% used [0x0000000795580000,0x0000000795580000,0x000000079c600000)
  from space 5120K, 0% used [0x000000079dc80000,0x000000079dc80000,0x000000079e180000)
  to   space 5120K, 0% used [0x000000079d780000,0x000000079d780000,0x000000079dc80000)
 ParOldGen       total 143360K, used 45662K [0x0000000740000000, 0x0000000748c00000, 0x0000000795580000)
  object space 143360K, 31% used [0x0000000740000000,0x0000000742c97b88,0x0000000748c00000)
 Metaspace       used 25452K, capacity 26344K, committed 26624K, reserved 1073152K
  class space    used 3283K, capacity 3502K, committed 3584K, reserved 1048576K
}
Event: 8.026 GC heap before
{Heap before GC invocations=7 (full 2):
 PSYoungGen      total 120320K, used 115200K [0x0000000795580000, 0x000000079e180000, 0x00000007c0000000)
  eden space 115200K, 100% used [0x0000000795580000,0x000000079c600000,0x000000079c600000)
  from space 5120K, 0% used [0x000000079dc80000,0x000000079dc80000,0x000000079e180000)
  to   space 5120K, 0% used [0x000000079d780000,0x000000079d780000,0x000000079dc80000)
 ParOldGen       total 143360K, used 45662K [0x0000000740000000, 0x0000000748c00000, 0x0000000795580000)
  object space 143360K, 31% used [0x0000000740000000,0x0000000742c97b88,0x0000000748c00000)
 Metaspace       used 25547K, capacity 26472K, committed 26624K, reserved 1073152K
  class space    used 3283K, capacity 3502K, committed 3584K, reserved 1048576K
Event: 8.080 GC heap after
Heap after GC invocations=7 (full 2):
 PSYoungGen      total 138240K, used 5105K [0x0000000795580000, 0x00000007ab500000, 0x00000007c0000000)
  eden space 133120K, 0% used [0x0000000795580000,0x0000000795580000,0x000000079d780000)
  from space 5120K, 99% used [0x000000079d780000,0x000000079dc7c650,0x000000079dc80000)
  to   space 90624K, 0% used [0x00000007a5c80000,0x00000007a5c80000,0x00000007ab500000)
 ParOldGen       total 143360K, used 142661K [0x0000000740000000, 0x0000000748c00000, 0x0000000795580000)
  object space 143360K, 99% used [0x0000000740000000,0x0000000748b51688,0x0000000748c00000)
 Metaspace       used 25547K, capacity 26472K, committed 26624K, reserved 1073152K
  class space    used 3283K, capacity 3502K, committed 3584K, reserved 1048576K
}
Event: 8.080 GC heap before
{Heap before GC invocations=8 (full 3):
 PSYoungGen      total 138240K, used 5105K [0x0000000795580000, 0x00000007ab500000, 0x00000007c0000000)
  eden space 133120K, 0% used [0x0000000795580000,0x0000000795580000,0x000000079d780000)
  from space 5120K, 99% used [0x000000079d780000,0x000000079dc7c650,0x000000079dc80000)
  to   space 90624K, 0% used [0x00000007a5c80000,0x00000007a5c80000,0x00000007ab500000)
 ParOldGen       total 143360K, used 142661K [0x0000000740000000, 0x0000000748c00000, 0x0000000795580000)
  object space 143360K, 99% used [0x0000000740000000,0x0000000748b51688,0x0000000748c00000)
 Metaspace       used 25547K, capacity 26472K, committed 26624K, reserved 1073152K
  class space    used 3283K, capacity 3502K, committed 3584K, reserved 1048576K
Event: 8.215 GC heap after
Heap after GC invocations=8 (full 3):
 PSYoungGen      total 138240K, used 0K [0x0000000795580000, 0x00000007ab500000, 0x00000007c0000000)
  eden space 133120K, 0% used [0x0000000795580000,0x0000000795580000,0x000000079d780000)
  from space 5120K, 0% used [0x000000079d780000,0x000000079d780000,0x000000079dc80000)
  to   space 90624K, 0% used [0x00000007a5c80000,0x00000007a5c80000,0x00000007ab500000)
 ParOldGen       total 297472K, used 116232K [0x0000000740000000, 0x0000000752280000, 0x0000000795580000)
  object space 297472K, 39% used [0x0000000740000000,0x0000000747182068,0x0000000752280000)
 Metaspace       used 25547K, capacity 26472K, committed 26624K, reserved 1073152K
  class space    used 3283K, capacity 3502K, committed 3584K, reserved 1048576K
}

