# JRE version: Java(TM) SE Runtime Environment (8.0_361) (build 1.8.0_361-b09)
# Java VM: Java HotSpot(TM) 64-Bit Server VM (25.361-b09 mixed mode bsd-amd64 compressed oops)
Heap:
 PSYoungGen      total 146432K, used 64585K [0x0000000795580000, 0x00000007ab280000, 0x00000007c0000000)
  eden space 84480K, 76% used [0x0000000795580000,0x0000000799492590,0x000000079a800000)
  from space 61952K, 0% used [0x000000079a800000,0x000000079a800000,0x000000079e480000)
  to   space 104960K, 0% used [0x00000007a4c00000,0x00000007a4c00000,0x00000007ab280000)
 ParOldGen       total 297984K, used 154947K [0x0000000740000000, 0x0000000752300000, 0x0000000795580000)
  object space 297984K, 51% used [0x0000000740000000,0x0000000749750f20,0x0000000752300000)
 Metaspace       used 25553K, capacity 26488K, committed 26624K, reserved 1073152K
  class space    used 3285K, capacity 3502K, committed 3584K, reserved 1048576K
GC Heap History (10 events):
Event: 7.417 GC heap before
{Heap before GC invocations=6 (full 1):
 PSYoungGen      total 61952K, used 61925K [0x0000000795580000, 0x000000079a080000, 0x00000007c0000000)
  eden space 56832K, 100% used [0x0000000795580000,0x0000000798d00000,0x0000000798d00000)
  from space 5120K, 99% used [0x0000000799b80000,0x000000079a079738,0x000000079a080000)
  to   space 5120K, 0% used [0x0000000799680000,0x0000000799680000,0x0000000799b80000)
 ParOldGen       total 71168K, used 26970K [0x0000000740000000, 0x0000000744580000, 0x0000000795580000)
  object space 71168K, 37% used [0x0000000740000000,0x0000000741a56878,0x0000000744580000)
 Metaspace       used 25544K, capacity 26488K, committed 26624K, reserved 1073152K
  class space    used 3284K, capacity 3502K, committed 3584K, reserved 1048576K
Event: 7.445 GC heap after
Heap after GC invocations=6 (full 1):
 PSYoungGen      total 71680K, used 5108K [0x0000000795580000, 0x00000007a1180000, 0x00000007c0000000)
  eden space 66560K, 0% used [0x0000000795580000,0x0000000795580000,0x0000000799680000)
  from space 5120K, 99% used [0x0000000799680000,0x0000000799b7d108,0x0000000799b80000)
  to   space 46080K, 0% used [0x000000079e480000,0x000000079e480000,0x00000007a1180000)
 ParOldGen       total 76800K, used 76273K [0x0000000740000000, 0x0000000744b00000, 0x0000000795580000)
  object space 76800K, 99% used [0x0000000740000000,0x0000000744a7c7f8,0x0000000744b00000)
 Metaspace       used 25544K, capacity 26488K, committed 26624K, reserved 1073152K
  class space    used 3284K, capacity 3502K, committed 3584K, reserved 1048576K
}
Event: 7.445 GC heap before
{Heap before GC invocations=7 (full 2):
 PSYoungGen      total 71680K, used 5108K [0x0000000795580000, 0x00000007a1180000, 0x00000007c0000000)
  eden space 66560K, 0% used [0x0000000795580000,0x0000000795580000,0x0000000799680000)
  from space 5120K, 99% used [0x0000000799680000,0x0000000799b7d108,0x0000000799b80000)
  to   space 46080K, 0% used [0x000000079e480000,0x000000079e480000,0x00000007a1180000)
 ParOldGen       total 76800K, used 76273K [0x0000000740000000, 0x0000000744b00000, 0x0000000795580000)
  object space 76800K, 99% used [0x0000000740000000,0x0000000744a7c7f8,0x0000000744b00000)
 Metaspace       used 25544K, capacity 26488K, committed 26624K, reserved 1073152K
  class space    used 3284K, capacity 3502K, committed 3584K, reserved 1048576K
Event: 7.517 GC heap after
Heap after GC invocations=7 (full 2):
 PSYoungGen      total 71680K, used 0K [0x0000000795580000, 0x00000007a1180000, 0x00000007c0000000)
  eden space 66560K, 0% used [0x0000000795580000,0x0000000795580000,0x0000000799680000)
  from space 5120K, 0% used [0x0000000799680000,0x0000000799680000,0x0000000799b80000)
  to   space 46080K, 0% used [0x000000079e480000,0x000000079e480000,0x00000007a1180000)
 ParOldGen       total 164352K, used 58530K [0x0000000740000000, 0x000000074a080000, 0x0000000795580000)
  object space 164352K, 35% used [0x0000000740000000,0x0000000743928850,0x000000074a080000)
 Metaspace       used 25544K, capacity 26488K, committed 26624K, reserved 1073152K
  class space    used 3284K, capacity 3502K, committed 3584K, reserved 1048576K
}
Event: 7.840 GC heap before
{Heap before GC invocations=8 (full 2):
 PSYoungGen      total 71680K, used 66560K [0x0000000795580000, 0x00000007a1180000, 0x00000007c0000000)
  eden space 66560K, 100% used [0x0000000795580000,0x0000000799680000,0x0000000799680000)
  from space 5120K, 0% used [0x0000000799680000,0x0000000799680000,0x0000000799b80000)
  to   space 46080K, 0% used [0x000000079e480000,0x000000079e480000,0x00000007a1180000)
 ParOldGen       total 164352K, used 58530K [0x0000000740000000, 0x000000074a080000, 0x0000000795580000)
  object space 164352K, 35% used [0x0000000740000000,0x0000000743928850,0x000000074a080000)
 Metaspace       used 25552K, capacity 26488K, committed 26624K, reserved 1073152K
  class space    used 3285K, capacity 3502K, committed 3584K, reserved 1048576K
Event: 7.865 GC heap after
Heap after GC invocations=8 (full 2):
 PSYoungGen      total 130560K, used 46078K [0x0000000795580000, 0x00000007a3380000, 0x00000007c0000000)
  eden space 84480K, 0% used [0x0000000795580000,0x0000000795580000,0x000000079a800000)
  from space 46080K, 99% used [0x000000079e480000,0x00000007a117fb30,0x00000007a1180000)
  to   space 61952K, 0% used [0x000000079a800000,0x000000079a800000,0x000000079e480000)
 ParOldGen       total 164352K, used 66938K [0x0000000740000000, 0x000000074a080000, 0x0000000795580000)
  object space 164352K, 40% used [0x0000000740000000,0x000000074415e9a0,0x000000074a080000)
 Metaspace       used 25552K, capacity 26488K, committed 26624K, reserved 1073152K
  class space    used 3285K, capacity 3502K, committed 3584K, reserved 1048576K
}
Event: 8.085 GC heap before
{Heap before GC invocations=9 (full 2):
 PSYoungGen      total 130560K, used 130558K [0x0000000795580000, 0x00000007a3380000, 0x00000007c0000000)
  eden space 84480K, 100% used [0x0000000795580000,0x000000079a800000,0x000000079a800000)
  from space 46080K, 99% used [0x000000079e480000,0x00000007a117fb30,0x00000007a1180000)
  to   space 61952K, 0% used [0x000000079a800000,0x000000079a800000,0x000000079e480000)
 ParOldGen       total 164352K, used 66938K [0x0000000740000000, 0x000000074a080000, 0x0000000795580000)
  object space 164352K, 40% used [0x0000000740000000,0x000000074415e9a0,0x000000074a080000)
 Metaspace       used 25553K, capacity 26488K, committed 26624K, reserved 1073152K
  class space    used 3285K, capacity 3502K, committed 3584K, reserved 1048576K
Event: 8.143 GC heap after
Heap after GC invocations=9 (full 2):
 PSYoungGen      total 146432K, used 61938K [0x0000000795580000, 0x00000007ab280000, 0x00000007c0000000)
  eden space 84480K, 0% used [0x0000000795580000,0x0000000795580000,0x000000079a800000)
  from space 61952K, 99% used [0x000000079a800000,0x000000079e47ca80,0x000000079e480000)
  to   space 104960K, 0% used [0x00000007a4c00000,0x00000007a4c00000,0x00000007ab280000)
 ParOldGen       total 164352K, used 126725K [0x0000000740000000, 0x000000074a080000, 0x0000000795580000)
  object space 164352K, 77% used [0x0000000740000000,0x0000000747bc1660,0x000000074a080000)
 Metaspace       used 25553K, capacity 26488K, committed 26624K, reserved 1073152K
  class space    used 3285K, capacity 3502K, committed 3584K, reserved 1048576K
}
Event: 8.143 GC heap before
{Heap before GC invocations=10 (full 3):
 PSYoungGen      total 146432K, used 61938K [0x0000000795580000, 0x00000007ab280000, 0x00000007c0000000)
  eden space 84480K, 0% used [0x0000000795580000,0x0000000795580000,0x000000079a800000)
  from space 61952K, 99% used [0x000000079a800000,0x000000079e47ca80,0x000000079e480000)
  to   space 104960K, 0% used [0x00000007a4c00000,0x00000007a4c00000,0x00000007ab280000)
 ParOldGen       total 164352K, used 126725K [0x0000000740000000, 0x000000074a080000, 0x0000000795580000)
  object space 164352K, 77% used [0x0000000740000000,0x0000000747bc1660,0x000000074a080000)
 Metaspace       used 25553K, capacity 26488K, committed 26624K, reserved 1073152K
  class space    used 3285K, capacity 3502K, committed 3584K, reserved 1048576K
Event: 8.298 GC heap after
Heap after GC invocations=10 (full 3):
 PSYoungGen      total 146432K, used 0K [0x0000000795580000, 0x00000007ab280000, 0x00000007c0000000)
  eden space 84480K, 0% used [0x0000000795580000,0x0000000795580000,0x000000079a800000)
  from space 61952K, 0% used [0x000000079a800000,0x000000079a800000,0x000000079e480000)
  to   space 104960K, 0% used [0x00000007a4c00000,0x00000007a4c00000,0x00000007ab280000)
 ParOldGen       total 297984K, used 154947K [0x0000000740000000, 0x0000000752300000, 0x0000000795580000)
  object space 297984K, 51% used [0x0000000740000000,0x0000000749750f20,0x0000000752300000)
 Metaspace       used 25553K, capacity 26488K, committed 26624K, reserved 1073152K
  class space    used 3285K, capacity 3502K, committed 3584K, reserved 1048576K
}

